[0.400s] Invoking command in '/home/omi/interface_ws/build/my_py_pkg': AMENT_PREFIX_PATH=/home/omi/interface_ws/install/my_robot_interfaces:${AMENT_PREFIX_PATH} CMAKE_PREFIX_PATH=/home/omi/interface_ws/install/my_robot_interfaces:${CMAKE_PREFIX_PATH} LD_LIBRARY_PATH=/home/omi/interface_ws/install/my_robot_interfaces/lib:${LD_LIBRARY_PATH} PYTHONPATH=/home/omi/interface_ws/build/my_py_pkg/prefix_override:/usr/lib/python3/dist-packages/colcon_core/task/python/colcon_distutils_commands:/home/omi/interface_ws/install/my_py_pkg/lib/python3.10/site-packages:/home/omi/interface_ws/install/my_robot_interfaces/local/lib/python3.10/dist-packages:${PYTHONPATH} /usr/bin/python3 -W ignore:setup.py install is deprecated -W ignore:easy_install command is deprecated setup.py develop --uninstall --editable --build-directory /home/omi/interface_ws/build/my_py_pkg/build
[0.556s] running develop
[0.652s] Removing /home/omi/interface_ws/install/my_py_pkg/lib/python3.10/site-packages/my-py-pkg.egg-link (link to .)
[0.670s] Invoked command in '/home/omi/interface_ws/build/my_py_pkg' returned '0': AMENT_PREFIX_PATH=/home/omi/interface_ws/install/my_robot_interfaces:${AMENT_PREFIX_PATH} CMAKE_PREFIX_PATH=/home/omi/interface_ws/install/my_robot_interfaces:${CMAKE_PREFIX_PATH} LD_LIBRARY_PATH=/home/omi/interface_ws/install/my_robot_interfaces/lib:${LD_LIBRARY_PATH} PYTHONPATH=/home/omi/interface_ws/build/my_py_pkg/prefix_override:/usr/lib/python3/dist-packages/colcon_core/task/python/colcon_distutils_commands:/home/omi/interface_ws/install/my_py_pkg/lib/python3.10/site-packages:/home/omi/interface_ws/install/my_robot_interfaces/local/lib/python3.10/dist-packages:${PYTHONPATH} /usr/bin/python3 -W ignore:setup.py install is deprecated -W ignore:easy_install command is deprecated setup.py develop --uninstall --editable --build-directory /home/omi/interface_ws/build/my_py_pkg/build
[0.671s] Invoking command in '/home/omi/interface_ws/src/my_py_pkg': AMENT_PREFIX_PATH=/home/omi/interface_ws/install/my_robot_interfaces:${AMENT_PREFIX_PATH} CMAKE_PREFIX_PATH=/home/omi/interface_ws/install/my_robot_interfaces:${CMAKE_PREFIX_PATH} LD_LIBRARY_PATH=/home/omi/interface_ws/install/my_robot_interfaces/lib:${LD_LIBRARY_PATH} PYTHONPATH=/home/omi/interface_ws/build/my_py_pkg/prefix_override:/usr/lib/python3/dist-packages/colcon_core/task/python/colcon_distutils_commands:/home/omi/interface_ws/install/my_py_pkg/lib/python3.10/site-packages:/home/omi/interface_ws/install/my_robot_interfaces/local/lib/python3.10/dist-packages:${PYTHONPATH} /usr/bin/python3 -W ignore:setup.py install is deprecated -W ignore:easy_install command is deprecated setup.py egg_info --egg-base ../../build/my_py_pkg build --build-base /home/omi/interface_ws/build/my_py_pkg/build install --record /home/omi/interface_ws/build/my_py_pkg/install.log --single-version-externally-managed
[0.819s] running egg_info
[0.820s] writing ../../build/my_py_pkg/my_py_pkg.egg-info/PKG-INFO
[0.820s] writing dependency_links to ../../build/my_py_pkg/my_py_pkg.egg-info/dependency_links.txt
[0.820s] writing entry points to ../../build/my_py_pkg/my_py_pkg.egg-info/entry_points.txt
[0.820s] writing requirements to ../../build/my_py_pkg/my_py_pkg.egg-info/requires.txt
[0.820s] writing top-level names to ../../build/my_py_pkg/my_py_pkg.egg-info/top_level.txt
[0.821s] reading manifest file '../../build/my_py_pkg/my_py_pkg.egg-info/SOURCES.txt'
[0.821s] writing manifest file '../../build/my_py_pkg/my_py_pkg.egg-info/SOURCES.txt'
[0.821s] running build
[0.821s] running build_py
[0.821s] creating /home/omi/interface_ws/build/my_py_pkg/build
[0.821s] creating /home/omi/interface_ws/build/my_py_pkg/build/lib
[0.822s] creating /home/omi/interface_ws/build/my_py_pkg/build/lib/my_py_pkg
[0.822s] copying my_py_pkg/__init__.py -> /home/omi/interface_ws/build/my_py_pkg/build/lib/my_py_pkg
[0.822s] copying my_py_pkg/hardware_publisher.py -> /home/omi/interface_ws/build/my_py_pkg/build/lib/my_py_pkg
[0.822s] copying my_py_pkg/hardware_subscriber.py -> /home/omi/interface_ws/build/my_py_pkg/build/lib/my_py_pkg
[0.822s] running install
[0.822s] running install_lib
[0.822s] creating /home/omi/interface_ws/install/my_py_pkg/lib/python3.10/site-packages/my_py_pkg
[0.822s] copying /home/omi/interface_ws/build/my_py_pkg/build/lib/my_py_pkg/__init__.py -> /home/omi/interface_ws/install/my_py_pkg/lib/python3.10/site-packages/my_py_pkg
[0.822s] copying /home/omi/interface_ws/build/my_py_pkg/build/lib/my_py_pkg/hardware_publisher.py -> /home/omi/interface_ws/install/my_py_pkg/lib/python3.10/site-packages/my_py_pkg
[0.823s] copying /home/omi/interface_ws/build/my_py_pkg/build/lib/my_py_pkg/hardware_subscriber.py -> /home/omi/interface_ws/install/my_py_pkg/lib/python3.10/site-packages/my_py_pkg
[0.823s] byte-compiling /home/omi/interface_ws/install/my_py_pkg/lib/python3.10/site-packages/my_py_pkg/__init__.py to __init__.cpython-310.pyc
[0.823s] byte-compiling /home/omi/interface_ws/install/my_py_pkg/lib/python3.10/site-packages/my_py_pkg/hardware_publisher.py to hardware_publisher.cpython-310.pyc
[0.823s] byte-compiling /home/omi/interface_ws/install/my_py_pkg/lib/python3.10/site-packages/my_py_pkg/hardware_subscriber.py to hardware_subscriber.cpython-310.pyc
[0.823s] running install_egg_info
[0.824s] Copying ../../build/my_py_pkg/my_py_pkg.egg-info to /home/omi/interface_ws/install/my_py_pkg/lib/python3.10/site-packages/my_py_pkg-0.0.0-py3.10.egg-info
[0.825s] running install_scripts
[0.838s] Installing hardware_pub script to /home/omi/interface_ws/install/my_py_pkg/lib/my_py_pkg
[0.838s] Installing hardware_sub script to /home/omi/interface_ws/install/my_py_pkg/lib/my_py_pkg
[0.838s] writing list of installed files to '/home/omi/interface_ws/build/my_py_pkg/install.log'
[0.853s] Invoked command in '/home/omi/interface_ws/src/my_py_pkg' returned '0': AMENT_PREFIX_PATH=/home/omi/interface_ws/install/my_robot_interfaces:${AMENT_PREFIX_PATH} CMAKE_PREFIX_PATH=/home/omi/interface_ws/install/my_robot_interfaces:${CMAKE_PREFIX_PATH} LD_LIBRARY_PATH=/home/omi/interface_ws/install/my_robot_interfaces/lib:${LD_LIBRARY_PATH} PYTHONPATH=/home/omi/interface_ws/build/my_py_pkg/prefix_override:/usr/lib/python3/dist-packages/colcon_core/task/python/colcon_distutils_commands:/home/omi/interface_ws/install/my_py_pkg/lib/python3.10/site-packages:/home/omi/interface_ws/install/my_robot_interfaces/local/lib/python3.10/dist-packages:${PYTHONPATH} /usr/bin/python3 -W ignore:setup.py install is deprecated -W ignore:easy_install command is deprecated setup.py egg_info --egg-base ../../build/my_py_pkg build --build-base /home/omi/interface_ws/build/my_py_pkg/build install --record /home/omi/interface_ws/build/my_py_pkg/install.log --single-version-externally-managed
