[0.007s] Invoking command in '/home/omi/interface_ws/build/my_robot_interfaces': CMAKE_PREFIX_PATH=${CMAKE_PREFIX_PATH}:/home/omi/ws_dec2/install/samplebot_description:/home/omi/ws_dec2/install/bot_slam:/home/omi/ws_dec2/install/bot_nav:/opt/ros/humble /usr/bin/cmake /home/omi/interface_ws/src/my_robot_interfaces -DCMAKE_INSTALL_PREFIX=/home/omi/interface_ws/install/my_robot_interfaces
[0.018s] -- Found ament_cmake: 1.3.14 (/opt/ros/humble/share/ament_cmake/cmake)
[0.102s] -- Override CMake install command with custom implementation using symlinks instead of copying resources
[0.106s] -- Found rosidl_default_generators: 1.2.1 (/opt/ros/humble/share/rosidl_default_generators/cmake)
[0.108s] -- Using all available rosidl_typesupport_c: rosidl_typesupport_fastrtps_c;rosidl_typesupport_introspection_c
[0.109s] -- Found rosidl_adapter: 3.1.8 (/opt/ros/humble/share/rosidl_adapter/cmake)
[0.130s] -- Using all available rosidl_typesupport_cpp: rosidl_typesupport_fastrtps_cpp;rosidl_typesupport_introspection_cpp
[0.317s] -- Found ament_cmake_ros: 0.10.0 (/opt/ros/humble/share/ament_cmake_ros/cmake)
[0.454s] -- Using all available rosidl_typesupport_c: rosidl_typesupport_fastrtps_c;rosidl_typesupport_introspection_c
[0.632s] -- Using all available rosidl_typesupport_cpp: rosidl_typesupport_fastrtps_cpp;rosidl_typesupport_introspection_cpp
[0.648s] -- Found python_cmake_module: 0.10.0 (/opt/ros/humble/share/python_cmake_module/cmake)
[0.664s] -- Using PYTHON_EXECUTABLE: /usr/bin/python3
[0.664s] -- Using PYTHON_INCLUDE_DIRS: /usr/include/python3.10
[0.664s] -- Using PYTHON_LIBRARIES: /usr/lib/x86_64-linux-gnu/libpython3.10.so
[0.713s] -- Found ament_lint_auto: 0.12.15 (/opt/ros/humble/share/ament_lint_auto/cmake)
[0.720s] -- Added test 'lint_cmake' to check CMake code style
[0.721s] -- Added test 'xmllint' to check XML markup files
[0.723s] -- Configuring done
[0.738s] -- Generating done
[0.744s] -- Build files have been written to: /home/omi/interface_ws/build/my_robot_interfaces
[0.750s] Invoked command in '/home/omi/interface_ws/build/my_robot_interfaces' returned '0': CMAKE_PREFIX_PATH=${CMAKE_PREFIX_PATH}:/home/omi/ws_dec2/install/samplebot_description:/home/omi/ws_dec2/install/bot_slam:/home/omi/ws_dec2/install/bot_nav:/opt/ros/humble /usr/bin/cmake /home/omi/interface_ws/src/my_robot_interfaces -DCMAKE_INSTALL_PREFIX=/home/omi/interface_ws/install/my_robot_interfaces
[0.751s] Invoking command in '/home/omi/interface_ws/build/my_robot_interfaces': CMAKE_PREFIX_PATH=${CMAKE_PREFIX_PATH}:/home/omi/ws_dec2/install/samplebot_description:/home/omi/ws_dec2/install/bot_slam:/home/omi/ws_dec2/install/bot_nav:/opt/ros/humble /usr/bin/cmake --build /home/omi/interface_ws/build/my_robot_interfaces -- -j16 -l16
[0.784s] [35m[1mConsolidate compiler generated dependencies of target my_robot_interfaces__rosidl_generator_c[0m
[0.791s] [  3%] Built target my_robot_interfaces__rs
[0.792s] [ 15%] Built target my_robot_interfaces__rosidl_generator_c
[0.793s] [ 15%] Built target my_robot_interfaces__cpp
[0.798s] [ 15%] Built target ament_cmake_python_symlink_my_robot_interfaces
[0.801s] [35m[1mConsolidate compiler generated dependencies of target my_robot_interfaces__rosidl_typesupport_c[0m
[0.801s] [35m[1mConsolidate compiler generated dependencies of target my_robot_interfaces__rosidl_typesupport_introspection_c[0m
[0.802s] [35m[1mConsolidate compiler generated dependencies of target my_robot_interfaces__rosidl_typesupport_introspection_cpp[0m
[0.802s] [35m[1mConsolidate compiler generated dependencies of target my_robot_interfaces__rosidl_typesupport_cpp[0m
[0.802s] [35m[1mConsolidate compiler generated dependencies of target my_robot_interfaces__rosidl_typesupport_fastrtps_cpp[0m
[0.803s] [35m[1mConsolidate compiler generated dependencies of target my_robot_interfaces__rosidl_typesupport_fastrtps_c[0m
[0.811s] [ 31%] Built target my_robot_interfaces__rosidl_typesupport_c
[0.811s] [ 34%] Built target my_robot_interfaces__rosidl_typesupport_introspection_c
[0.811s] [ 43%] Built target my_robot_interfaces__rosidl_typesupport_cpp
[0.811s] [ 53%] Built target my_robot_interfaces__rosidl_typesupport_introspection_cpp
[0.813s] [ 62%] Built target my_robot_interfaces__rosidl_typesupport_fastrtps_cpp
[0.815s] [ 71%] Built target my_robot_interfaces__rosidl_typesupport_fastrtps_c
[0.830s] [ 71%] Built target my_robot_interfaces
[0.846s] [ 75%] Built target my_robot_interfaces__py
[0.854s] [35m[1mConsolidate compiler generated dependencies of target my_robot_interfaces__rosidl_generator_py[0m
[0.863s] [ 81%] Built target my_robot_interfaces__rosidl_generator_py
[0.870s] [35m[1mConsolidate compiler generated dependencies of target my_robot_interfaces__rosidl_typesupport_c__pyext[0m
[0.870s] [35m[1mConsolidate compiler generated dependencies of target my_robot_interfaces__rosidl_typesupport_fastrtps_c__pyext[0m
[0.871s] [35m[1mConsolidate compiler generated dependencies of target my_robot_interfaces__rosidl_typesupport_introspection_c__pyext[0m
[0.880s] [100%] Built target my_robot_interfaces__rosidl_typesupport_c__pyext
[0.880s] [100%] Built target my_robot_interfaces__rosidl_typesupport_introspection_c__pyext
[0.880s] [100%] Built target my_robot_interfaces__rosidl_typesupport_fastrtps_c__pyext
[0.955s] running egg_info
[0.955s] writing my_robot_interfaces.egg-info/PKG-INFO
[0.955s] writing dependency_links to my_robot_interfaces.egg-info/dependency_links.txt
[0.955s] writing top-level names to my_robot_interfaces.egg-info/top_level.txt
[0.957s] reading manifest file 'my_robot_interfaces.egg-info/SOURCES.txt'
[0.957s] writing manifest file 'my_robot_interfaces.egg-info/SOURCES.txt'
[0.976s] [100%] Built target ament_cmake_python_build_my_robot_interfaces_egg
[0.984s] Invoked command in '/home/omi/interface_ws/build/my_robot_interfaces' returned '0': CMAKE_PREFIX_PATH=${CMAKE_PREFIX_PATH}:/home/omi/ws_dec2/install/samplebot_description:/home/omi/ws_dec2/install/bot_slam:/home/omi/ws_dec2/install/bot_nav:/opt/ros/humble /usr/bin/cmake --build /home/omi/interface_ws/build/my_robot_interfaces -- -j16 -l16
[0.991s] Invoking command in '/home/omi/interface_ws/build/my_robot_interfaces': CMAKE_PREFIX_PATH=${CMAKE_PREFIX_PATH}:/home/omi/ws_dec2/install/samplebot_description:/home/omi/ws_dec2/install/bot_slam:/home/omi/ws_dec2/install/bot_nav:/opt/ros/humble /usr/bin/cmake --install /home/omi/interface_ws/build/my_robot_interfaces
[0.997s] -- Install configuration: ""
[0.997s] -- Execute custom install script
[0.998s] -- Up-to-date symlink: /home/omi/interface_ws/install/my_robot_interfaces/share/ament_index/resource_index/rosidl_interfaces/my_robot_interfaces
[0.998s] -- Up-to-date symlink: /home/omi/interface_ws/install/my_robot_interfaces/include/my_robot_interfaces/my_robot_interfaces/msg/detail/hardware_status__functions.h
[0.998s] -- Up-to-date symlink: /home/omi/interface_ws/install/my_robot_interfaces/include/my_robot_interfaces/my_robot_interfaces/msg/detail/hardware_status__struct.h
[0.998s] -- Up-to-date symlink: /home/omi/interface_ws/install/my_robot_interfaces/include/my_robot_interfaces/my_robot_interfaces/msg/detail/hardware_status__type_support.h
[0.998s] -- Up-to-date symlink: /home/omi/interface_ws/install/my_robot_interfaces/include/my_robot_interfaces/my_robot_interfaces/msg/hardware_status.h
[0.998s] -- Up-to-date symlink: /home/omi/interface_ws/install/my_robot_interfaces/include/my_robot_interfaces/my_robot_interfaces/msg/rosidl_generator_c__visibility_control.h
[0.998s] -- Up-to-date symlink: /home/omi/interface_ws/install/my_robot_interfaces/share/my_robot_interfaces/environment/library_path.sh
[0.998s] -- Up-to-date symlink: /home/omi/interface_ws/install/my_robot_interfaces/share/my_robot_interfaces/environment/library_path.dsv
[0.998s] -- Up-to-date symlink: /home/omi/interface_ws/install/my_robot_interfaces/include/my_robot_interfaces/my_robot_interfaces/msg/detail/hardware_status__rosidl_typesupport_fastrtps_c.h
[0.998s] -- Up-to-date symlink: /home/omi/interface_ws/install/my_robot_interfaces/include/my_robot_interfaces/my_robot_interfaces/msg/rosidl_typesupport_fastrtps_c__visibility_control.h
[0.998s] -- Up-to-date symlink: /home/omi/interface_ws/install/my_robot_interfaces/include/my_robot_interfaces/my_robot_interfaces/msg/detail/hardware_status__rosidl_typesupport_introspection_c.h
[0.999s] -- Up-to-date symlink: /home/omi/interface_ws/install/my_robot_interfaces/include/my_robot_interfaces/my_robot_interfaces/msg/rosidl_typesupport_introspection_c__visibility_control.h
[0.999s] -- Up-to-date symlink: /home/omi/interface_ws/install/my_robot_interfaces/include/my_robot_interfaces/my_robot_interfaces/msg/detail/hardware_status__builder.hpp
[0.999s] -- Up-to-date symlink: /home/omi/interface_ws/install/my_robot_interfaces/include/my_robot_interfaces/my_robot_interfaces/msg/detail/hardware_status__struct.hpp
[0.999s] -- Up-to-date symlink: /home/omi/interface_ws/install/my_robot_interfaces/include/my_robot_interfaces/my_robot_interfaces/msg/detail/hardware_status__traits.hpp
[0.999s] -- Up-to-date symlink: /home/omi/interface_ws/install/my_robot_interfaces/include/my_robot_interfaces/my_robot_interfaces/msg/detail/hardware_status__type_support.hpp
[0.999s] -- Up-to-date symlink: /home/omi/interface_ws/install/my_robot_interfaces/include/my_robot_interfaces/my_robot_interfaces/msg/hardware_status.hpp
[0.999s] -- Up-to-date symlink: /home/omi/interface_ws/install/my_robot_interfaces/include/my_robot_interfaces/my_robot_interfaces/msg/rosidl_generator_cpp__visibility_control.hpp
[0.999s] -- Up-to-date symlink: /home/omi/interface_ws/install/my_robot_interfaces/include/my_robot_interfaces/my_robot_interfaces/msg/detail/hardware_status__rosidl_typesupport_fastrtps_cpp.hpp
[0.999s] -- Up-to-date symlink: /home/omi/interface_ws/install/my_robot_interfaces/include/my_robot_interfaces/my_robot_interfaces/msg/rosidl_typesupport_fastrtps_cpp__visibility_control.h
[0.999s] -- Up-to-date symlink: /home/omi/interface_ws/install/my_robot_interfaces/include/my_robot_interfaces/my_robot_interfaces/msg/detail/hardware_status__rosidl_typesupport_introspection_cpp.hpp
[0.999s] -- Up-to-date symlink: /home/omi/interface_ws/install/my_robot_interfaces/share/my_robot_interfaces/environment/pythonpath.sh
[1.000s] -- Up-to-date symlink: /home/omi/interface_ws/install/my_robot_interfaces/share/my_robot_interfaces/environment/pythonpath.dsv
[1.000s] -- Up-to-date symlink: /home/omi/interface_ws/install/my_robot_interfaces/local/lib/python3.10/dist-packages/my_robot_interfaces-0.0.0-py3.10.egg-info/PKG-INFO
[1.000s] -- Up-to-date symlink: /home/omi/interface_ws/install/my_robot_interfaces/local/lib/python3.10/dist-packages/my_robot_interfaces-0.0.0-py3.10.egg-info/SOURCES.txt
[1.000s] -- Up-to-date symlink: /home/omi/interface_ws/install/my_robot_interfaces/local/lib/python3.10/dist-packages/my_robot_interfaces-0.0.0-py3.10.egg-info/dependency_links.txt
[1.000s] -- Up-to-date symlink: /home/omi/interface_ws/install/my_robot_interfaces/local/lib/python3.10/dist-packages/my_robot_interfaces-0.0.0-py3.10.egg-info/top_level.txt
[1.000s] -- Up-to-date symlink: /home/omi/interface_ws/install/my_robot_interfaces/local/lib/python3.10/dist-packages/my_robot_interfaces/__init__.py
[1.000s] -- Up-to-date symlink: /home/omi/interface_ws/install/my_robot_interfaces/local/lib/python3.10/dist-packages/my_robot_interfaces/_my_robot_interfaces_s.ep.rosidl_typesupport_c.c
[1.000s] -- Up-to-date symlink: /home/omi/interface_ws/install/my_robot_interfaces/local/lib/python3.10/dist-packages/my_robot_interfaces/_my_robot_interfaces_s.ep.rosidl_typesupport_fastrtps_c.c
[1.000s] -- Up-to-date symlink: /home/omi/interface_ws/install/my_robot_interfaces/local/lib/python3.10/dist-packages/my_robot_interfaces/_my_robot_interfaces_s.ep.rosidl_typesupport_introspection_c.c
[1.000s] -- Up-to-date symlink: /home/omi/interface_ws/install/my_robot_interfaces/local/lib/python3.10/dist-packages/my_robot_interfaces/libmy_robot_interfaces__rosidl_generator_py.so
[1.000s] -- Up-to-date symlink: /home/omi/interface_ws/install/my_robot_interfaces/local/lib/python3.10/dist-packages/my_robot_interfaces/msg/__init__.py
[1.001s] -- Up-to-date symlink: /home/omi/interface_ws/install/my_robot_interfaces/local/lib/python3.10/dist-packages/my_robot_interfaces/msg/_hardware_status.py
[1.001s] -- Up-to-date symlink: /home/omi/interface_ws/install/my_robot_interfaces/local/lib/python3.10/dist-packages/my_robot_interfaces/msg/_hardware_status_s.c
[1.001s] -- Up-to-date symlink: /home/omi/interface_ws/install/my_robot_interfaces/local/lib/python3.10/dist-packages/my_robot_interfaces/my_robot_interfaces_s__rosidl_typesupport_c.cpython-310-x86_64-linux-gnu.so
[1.001s] -- Up-to-date symlink: /home/omi/interface_ws/install/my_robot_interfaces/local/lib/python3.10/dist-packages/my_robot_interfaces/my_robot_interfaces_s__rosidl_typesupport_fastrtps_c.cpython-310-x86_64-linux-gnu.so
[1.001s] -- Up-to-date symlink: /home/omi/interface_ws/install/my_robot_interfaces/local/lib/python3.10/dist-packages/my_robot_interfaces/my_robot_interfaces_s__rosidl_typesupport_introspection_c.cpython-310-x86_64-linux-gnu.so
[1.001s] -- Up-to-date symlink: /home/omi/interface_ws/install/my_robot_interfaces/local/lib/python3.10/dist-packages/my_robot_interfaces/my_robot_interfaces_s__rosidl_typesupport_fastrtps_c.cpython-310-x86_64-linux-gnu.so
[1.001s] -- Up-to-date symlink: /home/omi/interface_ws/install/my_robot_interfaces/local/lib/python3.10/dist-packages/my_robot_interfaces/my_robot_interfaces_s__rosidl_typesupport_introspection_c.cpython-310-x86_64-linux-gnu.so
[1.001s] -- Up-to-date symlink: /home/omi/interface_ws/install/my_robot_interfaces/local/lib/python3.10/dist-packages/my_robot_interfaces/my_robot_interfaces_s__rosidl_typesupport_c.cpython-310-x86_64-linux-gnu.so
[1.001s] -- Up-to-date symlink: /home/omi/interface_ws/install/my_robot_interfaces/share/ament_index/resource_index/rust_packages/my_robot_interfaces
[1.001s] -- Up-to-date symlink: /home/omi/interface_ws/install/my_robot_interfaces/share/my_robot_interfaces/rust/Cargo.toml
[1.001s] -- Up-to-date symlink: /home/omi/interface_ws/install/my_robot_interfaces/share/my_robot_interfaces/rust/build.rs
[1.001s] -- Up-to-date symlink: /home/omi/interface_ws/install/my_robot_interfaces/share/my_robot_interfaces/rust/src/lib.rs
[1.002s] -- Up-to-date symlink: /home/omi/interface_ws/install/my_robot_interfaces/share/my_robot_interfaces/rust/src/msg.rs
[1.002s] -- Up-to-date symlink: /home/omi/interface_ws/install/my_robot_interfaces/share/my_robot_interfaces/rust/src/msg/rmw.rs
[1.002s] -- Up-to-date symlink: /home/omi/interface_ws/install/my_robot_interfaces/share/my_robot_interfaces/msg/HardwareStatus.idl
[1.002s] -- Up-to-date symlink: /home/omi/interface_ws/install/my_robot_interfaces/share/my_robot_interfaces/msg/HardwareStatus.msg
[1.002s] -- Up-to-date symlink: /home/omi/interface_ws/install/my_robot_interfaces/share/ament_index/resource_index/package_run_dependencies/my_robot_interfaces
[1.002s] -- Up-to-date symlink: /home/omi/interface_ws/install/my_robot_interfaces/share/ament_index/resource_index/parent_prefix_path/my_robot_interfaces
[1.002s] -- Up-to-date symlink: /home/omi/interface_ws/install/my_robot_interfaces/share/my_robot_interfaces/environment/ament_prefix_path.sh
[1.002s] -- Up-to-date symlink: /home/omi/interface_ws/install/my_robot_interfaces/share/my_robot_interfaces/environment/ament_prefix_path.dsv
[1.002s] -- Up-to-date symlink: /home/omi/interface_ws/install/my_robot_interfaces/share/my_robot_interfaces/environment/path.sh
[1.002s] -- Up-to-date symlink: /home/omi/interface_ws/install/my_robot_interfaces/share/my_robot_interfaces/environment/path.dsv
[1.002s] -- Up-to-date symlink: /home/omi/interface_ws/install/my_robot_interfaces/share/my_robot_interfaces/local_setup.bash
[1.002s] -- Up-to-date symlink: /home/omi/interface_ws/install/my_robot_interfaces/share/my_robot_interfaces/local_setup.sh
[1.002s] -- Up-to-date symlink: /home/omi/interface_ws/install/my_robot_interfaces/share/my_robot_interfaces/local_setup.zsh
[1.002s] -- Up-to-date symlink: /home/omi/interface_ws/install/my_robot_interfaces/share/my_robot_interfaces/local_setup.dsv
[1.002s] -- Symlinking: /home/omi/interface_ws/install/my_robot_interfaces/share/my_robot_interfaces/package.dsv
[1.008s] -- Up-to-date symlink: /home/omi/interface_ws/install/my_robot_interfaces/share/ament_index/resource_index/packages/my_robot_interfaces
[1.008s] -- Up-to-date symlink: /home/omi/interface_ws/install/my_robot_interfaces/share/my_robot_interfaces/cmake/rosidl_cmake-extras.cmake
[1.008s] -- Up-to-date symlink: /home/omi/interface_ws/install/my_robot_interfaces/share/my_robot_interfaces/cmake/ament_cmake_export_include_directories-extras.cmake
[1.008s] -- Up-to-date symlink: /home/omi/interface_ws/install/my_robot_interfaces/share/my_robot_interfaces/cmake/ament_cmake_export_libraries-extras.cmake
[1.008s] -- Up-to-date symlink: /home/omi/interface_ws/install/my_robot_interfaces/share/my_robot_interfaces/cmake/ament_cmake_export_targets-extras.cmake
[1.008s] -- Up-to-date symlink: /home/omi/interface_ws/install/my_robot_interfaces/share/my_robot_interfaces/cmake/rosidl_cmake_export_typesupport_targets-extras.cmake
[1.008s] -- Up-to-date symlink: /home/omi/interface_ws/install/my_robot_interfaces/share/my_robot_interfaces/cmake/ament_cmake_export_dependencies-extras.cmake
[1.008s] -- Up-to-date symlink: /home/omi/interface_ws/install/my_robot_interfaces/share/my_robot_interfaces/cmake/rosidl_cmake_export_typesupport_libraries-extras.cmake
[1.008s] -- Up-to-date symlink: /home/omi/interface_ws/install/my_robot_interfaces/share/my_robot_interfaces/cmake/my_robot_interfacesConfig.cmake
[1.008s] -- Up-to-date symlink: /home/omi/interface_ws/install/my_robot_interfaces/share/my_robot_interfaces/cmake/my_robot_interfacesConfig-version.cmake
[1.009s] -- Up-to-date symlink: /home/omi/interface_ws/install/my_robot_interfaces/share/my_robot_interfaces/package.xml
[1.009s] -- Up-to-date: /home/omi/interface_ws/install/my_robot_interfaces/lib/libmy_robot_interfaces__rosidl_generator_c.so
[1.009s] -- Up-to-date: /home/omi/interface_ws/install/my_robot_interfaces/lib/libmy_robot_interfaces__rosidl_typesupport_fastrtps_c.so
[1.009s] -- Up-to-date: /home/omi/interface_ws/install/my_robot_interfaces/lib/libmy_robot_interfaces__rosidl_typesupport_introspection_c.so
[1.009s] -- Up-to-date: /home/omi/interface_ws/install/my_robot_interfaces/lib/libmy_robot_interfaces__rosidl_typesupport_c.so
[1.009s] -- Up-to-date: /home/omi/interface_ws/install/my_robot_interfaces/lib/libmy_robot_interfaces__rosidl_typesupport_fastrtps_cpp.so
[1.009s] -- Up-to-date: /home/omi/interface_ws/install/my_robot_interfaces/lib/libmy_robot_interfaces__rosidl_typesupport_introspection_cpp.so
[1.009s] -- Up-to-date: /home/omi/interface_ws/install/my_robot_interfaces/lib/libmy_robot_interfaces__rosidl_typesupport_cpp.so
[1.033s] Listing '/home/omi/interface_ws/install/my_robot_interfaces/local/lib/python3.10/dist-packages/my_robot_interfaces'...
[1.033s] Compiling '/home/omi/interface_ws/install/my_robot_interfaces/local/lib/python3.10/dist-packages/my_robot_interfaces/__init__.py'...
[1.033s] Listing '/home/omi/interface_ws/install/my_robot_interfaces/local/lib/python3.10/dist-packages/my_robot_interfaces/msg'...
[1.037s] -- Up-to-date: /home/omi/interface_ws/install/my_robot_interfaces/lib/libmy_robot_interfaces__rosidl_generator_py.so
[1.037s] -- Up-to-date: /home/omi/interface_ws/install/my_robot_interfaces/share/my_robot_interfaces/cmake/export_my_robot_interfaces__rosidl_generator_cExport.cmake
[1.037s] -- Up-to-date: /home/omi/interface_ws/install/my_robot_interfaces/share/my_robot_interfaces/cmake/export_my_robot_interfaces__rosidl_generator_cExport-noconfig.cmake
[1.037s] -- Up-to-date: /home/omi/interface_ws/install/my_robot_interfaces/share/my_robot_interfaces/cmake/export_my_robot_interfaces__rosidl_typesupport_fastrtps_cExport.cmake
[1.037s] -- Up-to-date: /home/omi/interface_ws/install/my_robot_interfaces/share/my_robot_interfaces/cmake/export_my_robot_interfaces__rosidl_typesupport_fastrtps_cExport-noconfig.cmake
[1.037s] -- Up-to-date: /home/omi/interface_ws/install/my_robot_interfaces/share/my_robot_interfaces/cmake/my_robot_interfaces__rosidl_typesupport_introspection_cExport.cmake
[1.037s] -- Up-to-date: /home/omi/interface_ws/install/my_robot_interfaces/share/my_robot_interfaces/cmake/my_robot_interfaces__rosidl_typesupport_introspection_cExport-noconfig.cmake
[1.037s] -- Up-to-date: /home/omi/interface_ws/install/my_robot_interfaces/share/my_robot_interfaces/cmake/my_robot_interfaces__rosidl_typesupport_cExport.cmake
[1.037s] -- Up-to-date: /home/omi/interface_ws/install/my_robot_interfaces/share/my_robot_interfaces/cmake/my_robot_interfaces__rosidl_typesupport_cExport-noconfig.cmake
[1.038s] -- Up-to-date: /home/omi/interface_ws/install/my_robot_interfaces/share/my_robot_interfaces/cmake/export_my_robot_interfaces__rosidl_generator_cppExport.cmake
[1.038s] -- Up-to-date: /home/omi/interface_ws/install/my_robot_interfaces/share/my_robot_interfaces/cmake/export_my_robot_interfaces__rosidl_typesupport_fastrtps_cppExport.cmake
[1.038s] -- Up-to-date: /home/omi/interface_ws/install/my_robot_interfaces/share/my_robot_interfaces/cmake/export_my_robot_interfaces__rosidl_typesupport_fastrtps_cppExport-noconfig.cmake
[1.038s] -- Up-to-date: /home/omi/interface_ws/install/my_robot_interfaces/share/my_robot_interfaces/cmake/my_robot_interfaces__rosidl_typesupport_introspection_cppExport.cmake
[1.038s] -- Up-to-date: /home/omi/interface_ws/install/my_robot_interfaces/share/my_robot_interfaces/cmake/my_robot_interfaces__rosidl_typesupport_introspection_cppExport-noconfig.cmake
[1.038s] -- Up-to-date: /home/omi/interface_ws/install/my_robot_interfaces/share/my_robot_interfaces/cmake/my_robot_interfaces__rosidl_typesupport_cppExport.cmake
[1.038s] -- Up-to-date: /home/omi/interface_ws/install/my_robot_interfaces/share/my_robot_interfaces/cmake/my_robot_interfaces__rosidl_typesupport_cppExport-noconfig.cmake
[1.038s] -- Up-to-date: /home/omi/interface_ws/install/my_robot_interfaces/share/my_robot_interfaces/cmake/export_my_robot_interfaces__rosidl_generator_pyExport.cmake
[1.038s] -- Up-to-date: /home/omi/interface_ws/install/my_robot_interfaces/share/my_robot_interfaces/cmake/export_my_robot_interfaces__rosidl_generator_pyExport-noconfig.cmake
[1.039s] Invoked command in '/home/omi/interface_ws/build/my_robot_interfaces' returned '0': CMAKE_PREFIX_PATH=${CMAKE_PREFIX_PATH}:/home/omi/ws_dec2/install/samplebot_description:/home/omi/ws_dec2/install/bot_slam:/home/omi/ws_dec2/install/bot_nav:/opt/ros/humble /usr/bin/cmake --install /home/omi/interface_ws/build/my_robot_interfaces
