[0.069s] DEBUG:colcon:Command line arguments: ['/usr/bin/colcon', 'build', '--symlink-install']
[0.069s] DEBUG:colcon:Parsed command line arguments: Namespace(log_base=None, log_level=None, verb_name='build', build_base='build', install_base='install', merge_install=False, symlink_install=True, test_result_base=None, continue_on_error=False, executor='parallel', parallel_workers=16, event_handlers=None, ignore_user_meta=False, metas=['./colcon.meta'], base_paths=['.'], packages_ignore=None, packages_ignore_regex=None, paths=None, packages_up_to=None, packages_up_to_regex=None, packages_above=None, packages_above_and_dependencies=None, packages_above_depth=None, packages_select_by_dep=None, packages_skip_by_dep=None, packages_skip_up_to=None, packages_select_build_failed=False, packages_skip_build_finished=False, packages_select_test_failures=False, packages_skip_test_passed=False, packages_select=None, packages_skip=None, packages_select_regex=None, packages_skip_regex=None, packages_start=None, packages_end=None, allow_overriding=[], cmake_args=None, cmake_target=None, cmake_target_skip_unavailable=False, cmake_clean_cache=False, cmake_clean_first=False, cmake_force_configure=False, ament_cmake_args=None, catkin_cmake_args=None, catkin_skip_building_tests=False, mixin_files=None, mixin=None, verb_parser=<colcon_mixin.mixin.mixin_argument.MixinArgumentDecorator object at 0x7bdcd970e800>, verb_extension=<colcon_core.verb.build.BuildVerb object at 0x7bdcd9877730>, main=<bound method BuildVerb.main of <colcon_core.verb.build.BuildVerb object at 0x7bdcd9877730>>, mixin_verb=('build',))
[0.170s] Level 1:colcon.colcon_core.package_discovery:discover_packages(colcon_meta) check parameters
[0.170s] Level 1:colcon.colcon_core.package_discovery:discover_packages(recursive) check parameters
[0.170s] Level 1:colcon.colcon_core.package_discovery:discover_packages(ignore) check parameters
[0.170s] Level 1:colcon.colcon_core.package_discovery:discover_packages(path) check parameters
[0.170s] Level 1:colcon.colcon_core.package_discovery:discover_packages(colcon_meta) discover
[0.170s] Level 1:colcon.colcon_core.package_discovery:discover_packages(recursive) discover
[0.170s] INFO:colcon.colcon_core.package_discovery:Crawling recursively for packages in '/home/omi/interface_ws'
[0.171s] Level 1:colcon.colcon_core.package_identification:_identify(.) by extensions ['ignore', 'ignore_ament_install']
[0.171s] Level 1:colcon.colcon_core.package_identification:_identify(.) by extension 'ignore'
[0.171s] Level 1:colcon.colcon_core.package_identification:_identify(.) by extension 'ignore_ament_install'
[0.171s] Level 1:colcon.colcon_core.package_identification:_identify(.) by extensions ['colcon_pkg']
[0.171s] Level 1:colcon.colcon_core.package_identification:_identify(.) by extension 'colcon_pkg'
[0.171s] Level 1:colcon.colcon_core.package_identification:_identify(.) by extensions ['colcon_meta']
[0.171s] Level 1:colcon.colcon_core.package_identification:_identify(.) by extension 'colcon_meta'
[0.171s] Level 1:colcon.colcon_core.package_identification:_identify(.) by extensions ['ros']
[0.171s] Level 1:colcon.colcon_core.package_identification:_identify(.) by extension 'ros'
[0.178s] Level 1:colcon.colcon_core.package_identification:_identify(.) by extensions ['cmake', 'python']
[0.178s] Level 1:colcon.colcon_core.package_identification:_identify(.) by extension 'cmake'
[0.178s] Level 1:colcon.colcon_core.package_identification:_identify(.) by extension 'python'
[0.178s] Level 1:colcon.colcon_core.package_identification:_identify(.) by extensions ['python_setup_py']
[0.178s] Level 1:colcon.colcon_core.package_identification:_identify(.) by extension 'python_setup_py'
[0.178s] Level 1:colcon.colcon_core.package_identification:_identify(build) by extensions ['ignore', 'ignore_ament_install']
[0.178s] Level 1:colcon.colcon_core.package_identification:_identify(build) by extension 'ignore'
[0.178s] Level 1:colcon.colcon_core.package_identification:_identify(build) ignored
[0.178s] Level 1:colcon.colcon_core.package_identification:_identify(install) by extensions ['ignore', 'ignore_ament_install']
[0.178s] Level 1:colcon.colcon_core.package_identification:_identify(install) by extension 'ignore'
[0.178s] Level 1:colcon.colcon_core.package_identification:_identify(install) ignored
[0.178s] Level 1:colcon.colcon_core.package_identification:_identify(log) by extensions ['ignore', 'ignore_ament_install']
[0.178s] Level 1:colcon.colcon_core.package_identification:_identify(log) by extension 'ignore'
[0.178s] Level 1:colcon.colcon_core.package_identification:_identify(log) ignored
[0.178s] Level 1:colcon.colcon_core.package_identification:_identify(src) by extensions ['ignore', 'ignore_ament_install']
[0.178s] Level 1:colcon.colcon_core.package_identification:_identify(src) by extension 'ignore'
[0.178s] Level 1:colcon.colcon_core.package_identification:_identify(src) by extension 'ignore_ament_install'
[0.178s] Level 1:colcon.colcon_core.package_identification:_identify(src) by extensions ['colcon_pkg']
[0.179s] Level 1:colcon.colcon_core.package_identification:_identify(src) by extension 'colcon_pkg'
[0.179s] Level 1:colcon.colcon_core.package_identification:_identify(src) by extensions ['colcon_meta']
[0.179s] Level 1:colcon.colcon_core.package_identification:_identify(src) by extension 'colcon_meta'
[0.179s] Level 1:colcon.colcon_core.package_identification:_identify(src) by extensions ['ros']
[0.179s] Level 1:colcon.colcon_core.package_identification:_identify(src) by extension 'ros'
[0.179s] Level 1:colcon.colcon_core.package_identification:_identify(src) by extensions ['cmake', 'python']
[0.179s] Level 1:colcon.colcon_core.package_identification:_identify(src) by extension 'cmake'
[0.179s] Level 1:colcon.colcon_core.package_identification:_identify(src) by extension 'python'
[0.179s] Level 1:colcon.colcon_core.package_identification:_identify(src) by extensions ['python_setup_py']
[0.179s] Level 1:colcon.colcon_core.package_identification:_identify(src) by extension 'python_setup_py'
[0.179s] Level 1:colcon.colcon_core.package_identification:_identify(src/my_py_pkg) by extensions ['ignore', 'ignore_ament_install']
[0.179s] Level 1:colcon.colcon_core.package_identification:_identify(src/my_py_pkg) by extension 'ignore'
[0.179s] Level 1:colcon.colcon_core.package_identification:_identify(src/my_py_pkg) by extension 'ignore_ament_install'
[0.179s] Level 1:colcon.colcon_core.package_identification:_identify(src/my_py_pkg) by extensions ['colcon_pkg']
[0.179s] Level 1:colcon.colcon_core.package_identification:_identify(src/my_py_pkg) by extension 'colcon_pkg'
[0.179s] Level 1:colcon.colcon_core.package_identification:_identify(src/my_py_pkg) by extensions ['colcon_meta']
[0.179s] Level 1:colcon.colcon_core.package_identification:_identify(src/my_py_pkg) by extension 'colcon_meta'
[0.179s] Level 1:colcon.colcon_core.package_identification:_identify(src/my_py_pkg) by extensions ['ros']
[0.179s] Level 1:colcon.colcon_core.package_identification:_identify(src/my_py_pkg) by extension 'ros'
[0.181s] DEBUG:colcon.colcon_core.package_identification:Package 'src/my_py_pkg' with type 'ros.ament_python' and name 'my_py_pkg'
[0.181s] Level 1:colcon.colcon_core.package_identification:_identify(src/my_robot_interfaces) by extensions ['ignore', 'ignore_ament_install']
[0.181s] Level 1:colcon.colcon_core.package_identification:_identify(src/my_robot_interfaces) by extension 'ignore'
[0.181s] Level 1:colcon.colcon_core.package_identification:_identify(src/my_robot_interfaces) by extension 'ignore_ament_install'
[0.181s] Level 1:colcon.colcon_core.package_identification:_identify(src/my_robot_interfaces) by extensions ['colcon_pkg']
[0.181s] Level 1:colcon.colcon_core.package_identification:_identify(src/my_robot_interfaces) by extension 'colcon_pkg'
[0.181s] Level 1:colcon.colcon_core.package_identification:_identify(src/my_robot_interfaces) by extensions ['colcon_meta']
[0.181s] Level 1:colcon.colcon_core.package_identification:_identify(src/my_robot_interfaces) by extension 'colcon_meta'
[0.181s] Level 1:colcon.colcon_core.package_identification:_identify(src/my_robot_interfaces) by extensions ['ros']
[0.181s] Level 1:colcon.colcon_core.package_identification:_identify(src/my_robot_interfaces) by extension 'ros'
[0.181s] DEBUG:colcon.colcon_core.package_identification:Package 'src/my_robot_interfaces' with type 'ros.ament_cmake' and name 'my_robot_interfaces'
[0.181s] Level 1:colcon.colcon_core.package_discovery:discover_packages(recursive) using defaults
[0.181s] Level 1:colcon.colcon_core.package_discovery:discover_packages(ignore) discover
[0.181s] Level 1:colcon.colcon_core.package_discovery:discover_packages(ignore) using defaults
[0.181s] Level 1:colcon.colcon_core.package_discovery:discover_packages(path) discover
[0.181s] Level 1:colcon.colcon_core.package_discovery:discover_packages(path) using defaults
[0.201s] Level 1:colcon.colcon_core.package_discovery:discover_packages(prefix_path) check parameters
[0.201s] Level 1:colcon.colcon_core.package_discovery:discover_packages(prefix_path) discover
[0.201s] WARNING:colcon.colcon_ros.prefix_path.ament:The path '/home/omi/interface_ws/install/my_robot_interfaces' in the environment variable AMENT_PREFIX_PATH doesn't exist
[0.202s] WARNING:colcon.colcon_ros.prefix_path.ament:The path '/home/omi/interface_ws/install/my_robot_interface' in the environment variable AMENT_PREFIX_PATH doesn't exist
[0.202s] WARNING:colcon.colcon_ros.prefix_path.catkin:The path '/home/omi/interface_ws/install/my_robot_interfaces' in the environment variable CMAKE_PREFIX_PATH doesn't exist
[0.202s] WARNING:colcon.colcon_ros.prefix_path.catkin:The path '/home/omi/interface_ws/install/my_robot_interface' in the environment variable CMAKE_PREFIX_PATH doesn't exist
[0.202s] DEBUG:colcon.colcon_installed_package_information.package_discovery:Found 0 installed packages in /home/omi/interface_ws/install
[0.202s] DEBUG:colcon.colcon_installed_package_information.package_discovery:Found 6 installed packages in /home/omi/ws_dec2/install
[0.203s] DEBUG:colcon.colcon_installed_package_information.package_discovery:Found 452 installed packages in /opt/ros/humble
[0.205s] Level 1:colcon.colcon_core.package_discovery:discover_packages(prefix_path) using defaults
[0.236s] Level 5:colcon.colcon_core.verb:set package 'my_robot_interfaces' build argument 'cmake_args' from command line to 'None'
[0.236s] Level 5:colcon.colcon_core.verb:set package 'my_robot_interfaces' build argument 'cmake_target' from command line to 'None'
[0.236s] Level 5:colcon.colcon_core.verb:set package 'my_robot_interfaces' build argument 'cmake_target_skip_unavailable' from command line to 'False'
[0.236s] Level 5:colcon.colcon_core.verb:set package 'my_robot_interfaces' build argument 'cmake_clean_cache' from command line to 'False'
[0.236s] Level 5:colcon.colcon_core.verb:set package 'my_robot_interfaces' build argument 'cmake_clean_first' from command line to 'False'
[0.236s] Level 5:colcon.colcon_core.verb:set package 'my_robot_interfaces' build argument 'cmake_force_configure' from command line to 'False'
[0.236s] Level 5:colcon.colcon_core.verb:set package 'my_robot_interfaces' build argument 'ament_cmake_args' from command line to 'None'
[0.236s] Level 5:colcon.colcon_core.verb:set package 'my_robot_interfaces' build argument 'catkin_cmake_args' from command line to 'None'
[0.236s] Level 5:colcon.colcon_core.verb:set package 'my_robot_interfaces' build argument 'catkin_skip_building_tests' from command line to 'False'
[0.236s] DEBUG:colcon.colcon_core.verb:Building package 'my_robot_interfaces' with the following arguments: {'ament_cmake_args': None, 'build_base': '/home/omi/interface_ws/build/my_robot_interfaces', 'catkin_cmake_args': None, 'catkin_skip_building_tests': False, 'cmake_args': None, 'cmake_clean_cache': False, 'cmake_clean_first': False, 'cmake_force_configure': False, 'cmake_target': None, 'cmake_target_skip_unavailable': False, 'install_base': '/home/omi/interface_ws/install/my_robot_interfaces', 'merge_install': False, 'path': '/home/omi/interface_ws/src/my_robot_interfaces', 'symlink_install': True, 'test_result_base': None}
[0.236s] Level 5:colcon.colcon_core.verb:set package 'my_py_pkg' build argument 'cmake_args' from command line to 'None'
[0.236s] Level 5:colcon.colcon_core.verb:set package 'my_py_pkg' build argument 'cmake_target' from command line to 'None'
[0.236s] Level 5:colcon.colcon_core.verb:set package 'my_py_pkg' build argument 'cmake_target_skip_unavailable' from command line to 'False'
[0.236s] Level 5:colcon.colcon_core.verb:set package 'my_py_pkg' build argument 'cmake_clean_cache' from command line to 'False'
[0.236s] Level 5:colcon.colcon_core.verb:set package 'my_py_pkg' build argument 'cmake_clean_first' from command line to 'False'
[0.236s] Level 5:colcon.colcon_core.verb:set package 'my_py_pkg' build argument 'cmake_force_configure' from command line to 'False'
[0.236s] Level 5:colcon.colcon_core.verb:set package 'my_py_pkg' build argument 'ament_cmake_args' from command line to 'None'
[0.236s] Level 5:colcon.colcon_core.verb:set package 'my_py_pkg' build argument 'catkin_cmake_args' from command line to 'None'
[0.236s] Level 5:colcon.colcon_core.verb:set package 'my_py_pkg' build argument 'catkin_skip_building_tests' from command line to 'False'
[0.236s] DEBUG:colcon.colcon_core.verb:Building package 'my_py_pkg' with the following arguments: {'ament_cmake_args': None, 'build_base': '/home/omi/interface_ws/build/my_py_pkg', 'catkin_cmake_args': None, 'catkin_skip_building_tests': False, 'cmake_args': None, 'cmake_clean_cache': False, 'cmake_clean_first': False, 'cmake_force_configure': False, 'cmake_target': None, 'cmake_target_skip_unavailable': False, 'install_base': '/home/omi/interface_ws/install/my_py_pkg', 'merge_install': False, 'path': '/home/omi/interface_ws/src/my_py_pkg', 'symlink_install': True, 'test_result_base': None}
[0.236s] INFO:colcon.colcon_core.executor:Executing jobs using 'parallel' executor
[0.237s] DEBUG:colcon.colcon_parallel_executor.executor.parallel:run_until_complete
[0.238s] INFO:colcon.colcon_ros.task.ament_cmake.build:Building ROS package in '/home/omi/interface_ws/src/my_robot_interfaces' with build type 'ament_cmake'
[0.238s] INFO:colcon.colcon_cmake.task.cmake.build:Building CMake package in '/home/omi/interface_ws/src/my_robot_interfaces'
[0.239s] INFO:colcon.colcon_core.plugin_system:Skipping extension 'colcon_core.shell.bat': Not used on non-Windows systems
[0.239s] INFO:colcon.colcon_core.shell:Skip shell extension 'powershell' for command environment: Not usable outside of PowerShell
[0.239s] DEBUG:colcon.colcon_core.shell:Skip shell extension 'dsv' for command environment
[0.246s] DEBUG:colcon.colcon_core.event_handler.log_command:Invoking command in '/home/omi/interface_ws/build/my_robot_interfaces': CMAKE_PREFIX_PATH=${CMAKE_PREFIX_PATH}:/home/omi/ws_dec2/install/samplebot_description:/home/omi/ws_dec2/install/bot_slam:/home/omi/ws_dec2/install/bot_nav:/opt/ros/humble /usr/bin/cmake /home/omi/interface_ws/src/my_robot_interfaces -DAMENT_CMAKE_SYMLINK_INSTALL=1 -DCMAKE_INSTALL_PREFIX=/home/omi/interface_ws/install/my_robot_interfaces
[1.398s] DEBUG:colcon.colcon_core.event_handler.log_command:Invoked command in '/home/omi/interface_ws/build/my_robot_interfaces' returned '0': CMAKE_PREFIX_PATH=${CMAKE_PREFIX_PATH}:/home/omi/ws_dec2/install/samplebot_description:/home/omi/ws_dec2/install/bot_slam:/home/omi/ws_dec2/install/bot_nav:/opt/ros/humble /usr/bin/cmake /home/omi/interface_ws/src/my_robot_interfaces -DAMENT_CMAKE_SYMLINK_INSTALL=1 -DCMAKE_INSTALL_PREFIX=/home/omi/interface_ws/install/my_robot_interfaces
[1.398s] DEBUG:colcon.colcon_core.event_handler.log_command:Invoking command in '/home/omi/interface_ws/build/my_robot_interfaces': CMAKE_PREFIX_PATH=${CMAKE_PREFIX_PATH}:/home/omi/ws_dec2/install/samplebot_description:/home/omi/ws_dec2/install/bot_slam:/home/omi/ws_dec2/install/bot_nav:/opt/ros/humble /usr/bin/cmake --build /home/omi/interface_ws/build/my_robot_interfaces -- -j16 -l16
[5.473s] DEBUG:colcon.colcon_core.event_handler.log_command:Invoked command in '/home/omi/interface_ws/build/my_robot_interfaces' returned '0': CMAKE_PREFIX_PATH=${CMAKE_PREFIX_PATH}:/home/omi/ws_dec2/install/samplebot_description:/home/omi/ws_dec2/install/bot_slam:/home/omi/ws_dec2/install/bot_nav:/opt/ros/humble /usr/bin/cmake --build /home/omi/interface_ws/build/my_robot_interfaces -- -j16 -l16
[5.482s] DEBUG:colcon.colcon_core.event_handler.log_command:Invoking command in '/home/omi/interface_ws/build/my_robot_interfaces': CMAKE_PREFIX_PATH=${CMAKE_PREFIX_PATH}:/home/omi/ws_dec2/install/samplebot_description:/home/omi/ws_dec2/install/bot_slam:/home/omi/ws_dec2/install/bot_nav:/opt/ros/humble /usr/bin/cmake --install /home/omi/interface_ws/build/my_robot_interfaces
[6.002s] Level 1:colcon.colcon_core.environment:create_environment_scripts_only(my_robot_interfaces)
[6.002s] DEBUG:colcon.colcon_core.event_handler.log_command:Invoked command in '/home/omi/interface_ws/build/my_robot_interfaces' returned '0': CMAKE_PREFIX_PATH=${CMAKE_PREFIX_PATH}:/home/omi/ws_dec2/install/samplebot_description:/home/omi/ws_dec2/install/bot_slam:/home/omi/ws_dec2/install/bot_nav:/opt/ros/humble /usr/bin/cmake --install /home/omi/interface_ws/build/my_robot_interfaces
[6.004s] Level 1:colcon.colcon_core.environment:checking '/home/omi/interface_ws/install/my_robot_interfaces' for CMake module files
[6.005s] Level 1:colcon.colcon_core.environment:checking '/home/omi/interface_ws/install/my_robot_interfaces' for CMake config files
[6.005s] Level 1:colcon.colcon_core.shell:create_environment_hook('my_robot_interfaces', 'cmake_prefix_path')
[6.005s] INFO:colcon.colcon_core.shell:Creating environment hook '/home/omi/interface_ws/install/my_robot_interfaces/share/my_robot_interfaces/hook/cmake_prefix_path.ps1'
[6.005s] INFO:colcon.colcon_core.shell:Creating environment descriptor '/home/omi/interface_ws/install/my_robot_interfaces/share/my_robot_interfaces/hook/cmake_prefix_path.dsv'
[6.006s] INFO:colcon.colcon_core.shell:Creating environment hook '/home/omi/interface_ws/install/my_robot_interfaces/share/my_robot_interfaces/hook/cmake_prefix_path.sh'
[6.006s] Level 1:colcon.colcon_core.environment:checking '/home/omi/interface_ws/install/my_robot_interfaces/lib'
[6.006s] Level 1:colcon.colcon_core.shell:create_environment_hook('my_robot_interfaces', 'ld_library_path_lib')
[6.006s] INFO:colcon.colcon_core.shell:Creating environment hook '/home/omi/interface_ws/install/my_robot_interfaces/share/my_robot_interfaces/hook/ld_library_path_lib.ps1'
[6.007s] INFO:colcon.colcon_core.shell:Creating environment descriptor '/home/omi/interface_ws/install/my_robot_interfaces/share/my_robot_interfaces/hook/ld_library_path_lib.dsv'
[6.007s] INFO:colcon.colcon_core.shell:Creating environment hook '/home/omi/interface_ws/install/my_robot_interfaces/share/my_robot_interfaces/hook/ld_library_path_lib.sh'
[6.007s] Level 1:colcon.colcon_core.environment:checking '/home/omi/interface_ws/install/my_robot_interfaces/bin'
[6.007s] Level 1:colcon.colcon_core.environment:checking '/home/omi/interface_ws/install/my_robot_interfaces/lib/pkgconfig/my_robot_interfaces.pc'
[6.007s] Level 1:colcon.colcon_core.environment:checking '/home/omi/interface_ws/install/my_robot_interfaces/lib/python3.10/site-packages'
[6.008s] Level 1:colcon.colcon_core.environment:checking '/home/omi/interface_ws/install/my_robot_interfaces/bin'
[6.008s] INFO:colcon.colcon_core.shell:Creating package script '/home/omi/interface_ws/install/my_robot_interfaces/share/my_robot_interfaces/package.ps1'
[6.008s] INFO:colcon.colcon_core.shell:Creating package descriptor '/home/omi/interface_ws/install/my_robot_interfaces/share/my_robot_interfaces/package.dsv'
[6.009s] INFO:colcon.colcon_core.shell:Creating package script '/home/omi/interface_ws/install/my_robot_interfaces/share/my_robot_interfaces/package.sh'
[6.009s] INFO:colcon.colcon_core.shell:Creating package script '/home/omi/interface_ws/install/my_robot_interfaces/share/my_robot_interfaces/package.bash'
[6.009s] INFO:colcon.colcon_core.shell:Creating package script '/home/omi/interface_ws/install/my_robot_interfaces/share/my_robot_interfaces/package.zsh'
[6.010s] Level 1:colcon.colcon_core.environment:create_file_with_runtime_dependencies(/home/omi/interface_ws/install/my_robot_interfaces/share/colcon-core/packages/my_robot_interfaces)
[6.010s] Level 1:colcon.colcon_core.environment:create_environment_scripts_only(my_robot_interfaces)
[6.010s] Level 1:colcon.colcon_core.environment:checking '/home/omi/interface_ws/install/my_robot_interfaces' for CMake module files
[6.010s] Level 1:colcon.colcon_core.environment:checking '/home/omi/interface_ws/install/my_robot_interfaces' for CMake config files
[6.011s] Level 1:colcon.colcon_core.shell:create_environment_hook('my_robot_interfaces', 'cmake_prefix_path')
[6.011s] INFO:colcon.colcon_core.shell:Creating environment hook '/home/omi/interface_ws/install/my_robot_interfaces/share/my_robot_interfaces/hook/cmake_prefix_path.ps1'
[6.011s] INFO:colcon.colcon_core.shell:Creating environment descriptor '/home/omi/interface_ws/install/my_robot_interfaces/share/my_robot_interfaces/hook/cmake_prefix_path.dsv'
[6.011s] INFO:colcon.colcon_core.shell:Creating environment hook '/home/omi/interface_ws/install/my_robot_interfaces/share/my_robot_interfaces/hook/cmake_prefix_path.sh'
[6.012s] Level 1:colcon.colcon_core.environment:checking '/home/omi/interface_ws/install/my_robot_interfaces/lib'
[6.012s] Level 1:colcon.colcon_core.shell:create_environment_hook('my_robot_interfaces', 'ld_library_path_lib')
[6.012s] INFO:colcon.colcon_core.shell:Creating environment hook '/home/omi/interface_ws/install/my_robot_interfaces/share/my_robot_interfaces/hook/ld_library_path_lib.ps1'
[6.012s] INFO:colcon.colcon_core.shell:Creating environment descriptor '/home/omi/interface_ws/install/my_robot_interfaces/share/my_robot_interfaces/hook/ld_library_path_lib.dsv'
[6.012s] INFO:colcon.colcon_core.shell:Creating environment hook '/home/omi/interface_ws/install/my_robot_interfaces/share/my_robot_interfaces/hook/ld_library_path_lib.sh'
[6.013s] Level 1:colcon.colcon_core.environment:checking '/home/omi/interface_ws/install/my_robot_interfaces/bin'
[6.013s] Level 1:colcon.colcon_core.environment:checking '/home/omi/interface_ws/install/my_robot_interfaces/lib/pkgconfig/my_robot_interfaces.pc'
[6.013s] Level 1:colcon.colcon_core.environment:checking '/home/omi/interface_ws/install/my_robot_interfaces/lib/python3.10/site-packages'
[6.013s] Level 1:colcon.colcon_core.environment:checking '/home/omi/interface_ws/install/my_robot_interfaces/bin'
[6.013s] INFO:colcon.colcon_core.shell:Creating package script '/home/omi/interface_ws/install/my_robot_interfaces/share/my_robot_interfaces/package.ps1'
[6.014s] INFO:colcon.colcon_core.shell:Creating package descriptor '/home/omi/interface_ws/install/my_robot_interfaces/share/my_robot_interfaces/package.dsv'
[6.014s] INFO:colcon.colcon_core.shell:Creating package script '/home/omi/interface_ws/install/my_robot_interfaces/share/my_robot_interfaces/package.sh'
[6.014s] INFO:colcon.colcon_core.shell:Creating package script '/home/omi/interface_ws/install/my_robot_interfaces/share/my_robot_interfaces/package.bash'
[6.015s] INFO:colcon.colcon_core.shell:Creating package script '/home/omi/interface_ws/install/my_robot_interfaces/share/my_robot_interfaces/package.zsh'
[6.015s] Level 1:colcon.colcon_core.environment:create_file_with_runtime_dependencies(/home/omi/interface_ws/install/my_robot_interfaces/share/colcon-core/packages/my_robot_interfaces)
[6.015s] INFO:colcon.colcon_ros.task.ament_python.build:Building ROS package in '/home/omi/interface_ws/src/my_py_pkg' with build type 'ament_python'
[6.015s] Level 1:colcon.colcon_core.shell:create_environment_hook('my_py_pkg', 'ament_prefix_path')
[6.015s] INFO:colcon.colcon_core.shell:Creating environment hook '/home/omi/interface_ws/install/my_py_pkg/share/my_py_pkg/hook/ament_prefix_path.ps1'
[6.016s] INFO:colcon.colcon_core.shell:Creating environment descriptor '/home/omi/interface_ws/install/my_py_pkg/share/my_py_pkg/hook/ament_prefix_path.dsv'
[6.016s] INFO:colcon.colcon_core.shell:Creating environment hook '/home/omi/interface_ws/install/my_py_pkg/share/my_py_pkg/hook/ament_prefix_path.sh'
[6.016s] INFO:colcon.colcon_core.shell:Skip shell extension 'powershell' for command environment: Not usable outside of PowerShell
[6.016s] DEBUG:colcon.colcon_core.shell:Skip shell extension 'dsv' for command environment
[6.186s] WARNING:colcon.colcon_ros.task.ament_python.build:Package 'my_py_pkg' doesn't explicitly install a marker in the package index (colcon-ros currently does it implicitly but that fallback will be removed in the future)
[6.186s] WARNING:colcon.colcon_ros.task.ament_python.build:Package 'my_py_pkg' doesn't explicitly install the 'package.xml' file (colcon-ros currently does it implicitly but that fallback will be removed in the future)
[6.186s] INFO:colcon.colcon_core.task.python.build:Building Python package in '/home/omi/interface_ws/src/my_py_pkg'
[6.186s] INFO:colcon.colcon_core.shell:Skip shell extension 'powershell' for command environment: Not usable outside of PowerShell
[6.187s] DEBUG:colcon.colcon_core.shell:Skip shell extension 'dsv' for command environment
[6.476s] DEBUG:colcon.colcon_core.event_handler.log_command:Invoking command in '/home/omi/interface_ws/build/my_py_pkg': PYTHONPATH=/home/omi/interface_ws/build/my_py_pkg/prefix_override:/usr/lib/python3/dist-packages/colcon_core/task/python/colcon_distutils_commands:/home/omi/interface_ws/install/my_py_pkg/lib/python3.10/site-packages:${PYTHONPATH} /usr/bin/python3 -W ignore:setup.py install is deprecated -W ignore:easy_install command is deprecated setup.py develop --editable --build-directory /home/omi/interface_ws/build/my_py_pkg/build --no-deps
[6.755s] Level 1:colcon.colcon_core.shell:create_environment_hook('my_py_pkg', 'pythonpath_develop')
[6.755s] DEBUG:colcon.colcon_core.event_handler.log_command:Invoked command in '/home/omi/interface_ws/build/my_py_pkg' returned '0': PYTHONPATH=/home/omi/interface_ws/build/my_py_pkg/prefix_override:/usr/lib/python3/dist-packages/colcon_core/task/python/colcon_distutils_commands:/home/omi/interface_ws/install/my_py_pkg/lib/python3.10/site-packages:${PYTHONPATH} /usr/bin/python3 -W ignore:setup.py install is deprecated -W ignore:easy_install command is deprecated setup.py develop --editable --build-directory /home/omi/interface_ws/build/my_py_pkg/build --no-deps
[6.755s] INFO:colcon.colcon_core.shell:Creating environment hook '/home/omi/interface_ws/build/my_py_pkg/share/my_py_pkg/hook/pythonpath_develop.ps1'
[6.756s] INFO:colcon.colcon_core.shell:Creating environment descriptor '/home/omi/interface_ws/build/my_py_pkg/share/my_py_pkg/hook/pythonpath_develop.dsv'
[6.756s] INFO:colcon.colcon_core.shell:Creating environment hook '/home/omi/interface_ws/build/my_py_pkg/share/my_py_pkg/hook/pythonpath_develop.sh'
[6.756s] Level 1:colcon.colcon_core.environment:checking '/home/omi/interface_ws/install/my_py_pkg' for CMake module files
[6.757s] Level 1:colcon.colcon_core.environment:checking '/home/omi/interface_ws/install/my_py_pkg' for CMake config files
[6.757s] Level 1:colcon.colcon_core.environment:checking '/home/omi/interface_ws/install/my_py_pkg/lib'
[6.757s] Level 1:colcon.colcon_core.environment:checking '/home/omi/interface_ws/install/my_py_pkg/bin'
[6.757s] Level 1:colcon.colcon_core.environment:checking '/home/omi/interface_ws/install/my_py_pkg/lib/pkgconfig/my_py_pkg.pc'
[6.757s] Level 1:colcon.colcon_core.environment:checking '/home/omi/interface_ws/install/my_py_pkg/lib/python3.10/site-packages'
[6.757s] Level 1:colcon.colcon_core.shell:create_environment_hook('my_py_pkg', 'pythonpath')
[6.757s] INFO:colcon.colcon_core.shell:Creating environment hook '/home/omi/interface_ws/install/my_py_pkg/share/my_py_pkg/hook/pythonpath.ps1'
[6.758s] INFO:colcon.colcon_core.shell:Creating environment descriptor '/home/omi/interface_ws/install/my_py_pkg/share/my_py_pkg/hook/pythonpath.dsv'
[6.758s] INFO:colcon.colcon_core.shell:Creating environment hook '/home/omi/interface_ws/install/my_py_pkg/share/my_py_pkg/hook/pythonpath.sh'
[6.758s] Level 1:colcon.colcon_core.environment:checking '/home/omi/interface_ws/install/my_py_pkg/bin'
[6.758s] Level 1:colcon.colcon_core.environment:create_environment_scripts_only(my_py_pkg)
[6.758s] INFO:colcon.colcon_core.shell:Creating package script '/home/omi/interface_ws/install/my_py_pkg/share/my_py_pkg/package.ps1'
[6.759s] INFO:colcon.colcon_core.shell:Creating package descriptor '/home/omi/interface_ws/install/my_py_pkg/share/my_py_pkg/package.dsv'
[6.759s] INFO:colcon.colcon_core.shell:Creating package script '/home/omi/interface_ws/install/my_py_pkg/share/my_py_pkg/package.sh'
[6.760s] INFO:colcon.colcon_core.shell:Creating package script '/home/omi/interface_ws/install/my_py_pkg/share/my_py_pkg/package.bash'
[6.760s] INFO:colcon.colcon_core.shell:Creating package script '/home/omi/interface_ws/install/my_py_pkg/share/my_py_pkg/package.zsh'
[6.760s] Level 1:colcon.colcon_core.environment:create_file_with_runtime_dependencies(/home/omi/interface_ws/install/my_py_pkg/share/colcon-core/packages/my_py_pkg)
[6.760s] DEBUG:colcon.colcon_parallel_executor.executor.parallel:closing loop
[6.761s] DEBUG:colcon.colcon_parallel_executor.executor.parallel:loop closed
[6.761s] DEBUG:colcon.colcon_parallel_executor.executor.parallel:run_until_complete finished with '0'
[6.761s] DEBUG:colcon.colcon_core.event_reactor:joining thread
[6.764s] INFO:colcon.colcon_core.plugin_system:Skipping extension 'colcon_notification.desktop_notification.terminal_notifier': Not used on non-Darwin systems
[6.764s] INFO:colcon.colcon_core.plugin_system:Skipping extension 'colcon_notification.desktop_notification.win32': Not used on non-Windows systems
[6.764s] INFO:colcon.colcon_notification.desktop_notification:Sending desktop notification using 'notify2'
[6.773s] DEBUG:colcon.colcon_core.event_reactor:joined thread
[6.773s] INFO:colcon.colcon_core.shell:Creating prefix script '/home/omi/interface_ws/install/local_setup.ps1'
[6.774s] INFO:colcon.colcon_core.shell:Creating prefix util module '/home/omi/interface_ws/install/_local_setup_util_ps1.py'
[6.775s] INFO:colcon.colcon_core.shell:Creating prefix chain script '/home/omi/interface_ws/install/setup.ps1'
[6.775s] INFO:colcon.colcon_core.shell:Creating prefix script '/home/omi/interface_ws/install/local_setup.sh'
[6.776s] INFO:colcon.colcon_core.shell:Creating prefix util module '/home/omi/interface_ws/install/_local_setup_util_sh.py'
[6.776s] INFO:colcon.colcon_core.shell:Creating prefix chain script '/home/omi/interface_ws/install/setup.sh'
[6.777s] INFO:colcon.colcon_core.shell:Creating prefix script '/home/omi/interface_ws/install/local_setup.bash'
[6.777s] INFO:colcon.colcon_core.shell:Creating prefix chain script '/home/omi/interface_ws/install/setup.bash'
[6.778s] INFO:colcon.colcon_core.shell:Creating prefix script '/home/omi/interface_ws/install/local_setup.zsh'
[6.778s] INFO:colcon.colcon_core.shell:Creating prefix chain script '/home/omi/interface_ws/install/setup.zsh'
