[0.008s] Invoking command in '/home/omi/interface_ws/build/my_robot_interfaces': CMAKE_PREFIX_PATH=${CMAKE_PREFIX_PATH}:/home/omi/ws_dec2/install/samplebot_description:/home/omi/ws_dec2/install/bot_slam:/home/omi/ws_dec2/install/bot_nav:/opt/ros/humble /usr/bin/cmake /home/omi/interface_ws/src/my_robot_interfaces -DAMENT_CMAKE_SYMLINK_INSTALL=1 -DCMAKE_INSTALL_PREFIX=/home/omi/interface_ws/install/my_robot_interfaces
[0.052s] -- The C compiler identification is GNU 11.4.0
[0.098s] -- The CXX compiler identification is GNU 11.4.0
[0.103s] -- Detecting C compiler ABI info
[0.161s] -- Detecting C compiler ABI info - done
[0.168s] -- Check for working C compiler: /usr/bin/cc - skipped
[0.168s] -- Detecting C compile features
[0.169s] -- Detecting C compile features - done
[0.171s] -- Detecting CXX compiler ABI info
[0.240s] -- Detecting CXX compiler ABI info - done
[0.245s] -- Check for working CXX compiler: /usr/bin/c++ - skipped
[0.245s] -- Detecting CXX compile features
[0.245s] -- Detecting CXX compile features - done
[0.248s] -- Found ament_cmake: 1.3.14 (/opt/ros/humble/share/ament_cmake/cmake)
[0.356s] -- Found Python3: /usr/bin/python3 (found version "3.10.12") found components: Interpreter 
[0.399s] -- Override CMake install command with custom implementation using symlinks instead of copying resources
[0.424s] -- Found rosidl_default_generators: 1.2.1 (/opt/ros/humble/share/rosidl_default_generators/cmake)
[0.427s] -- Using all available rosidl_typesupport_c: rosidl_typesupport_fastrtps_c;rosidl_typesupport_introspection_c
[0.432s] -- Found rosidl_adapter: 3.1.8 (/opt/ros/humble/share/rosidl_adapter/cmake)
[0.463s] -- Using all available rosidl_typesupport_cpp: rosidl_typesupport_fastrtps_cpp;rosidl_typesupport_introspection_cpp
[0.655s] -- Found ament_cmake_ros: 0.10.0 (/opt/ros/humble/share/ament_cmake_ros/cmake)
[0.795s] -- Using all available rosidl_typesupport_c: rosidl_typesupport_fastrtps_c;rosidl_typesupport_introspection_c
[0.970s] -- Using all available rosidl_typesupport_cpp: rosidl_typesupport_fastrtps_cpp;rosidl_typesupport_introspection_cpp
[0.989s] -- Found PythonInterp: /usr/bin/python3 (found suitable version "3.10.12", minimum required is "3.6") 
[0.990s] -- Found python_cmake_module: 0.10.0 (/opt/ros/humble/share/python_cmake_module/cmake)
[1.014s] -- Found PythonLibs: /usr/lib/x86_64-linux-gnu/libpython3.10.so (found suitable version "3.10.12", minimum required is "3.5") 
[1.014s] -- Using PYTHON_EXECUTABLE: /usr/bin/python3
[1.014s] -- Using PYTHON_INCLUDE_DIRS: /usr/include/python3.10
[1.014s] -- Using PYTHON_LIBRARIES: /usr/lib/x86_64-linux-gnu/libpython3.10.so
[1.033s] -- Found PythonExtra: .so  
[1.112s] -- Found ament_lint_auto: 0.12.15 (/opt/ros/humble/share/ament_lint_auto/cmake)
[1.127s] -- Added test 'lint_cmake' to check CMake code style
[1.128s] -- Added test 'xmllint' to check XML markup files
[1.130s] -- Configuring done
[1.145s] -- Generating done
[1.151s] -- Build files have been written to: /home/omi/interface_ws/build/my_robot_interfaces
[1.160s] Invoked command in '/home/omi/interface_ws/build/my_robot_interfaces' returned '0': CMAKE_PREFIX_PATH=${CMAKE_PREFIX_PATH}:/home/omi/ws_dec2/install/samplebot_description:/home/omi/ws_dec2/install/bot_slam:/home/omi/ws_dec2/install/bot_nav:/opt/ros/humble /usr/bin/cmake /home/omi/interface_ws/src/my_robot_interfaces -DAMENT_CMAKE_SYMLINK_INSTALL=1 -DCMAKE_INSTALL_PREFIX=/home/omi/interface_ws/install/my_robot_interfaces
[1.160s] Invoking command in '/home/omi/interface_ws/build/my_robot_interfaces': CMAKE_PREFIX_PATH=${CMAKE_PREFIX_PATH}:/home/omi/ws_dec2/install/samplebot_description:/home/omi/ws_dec2/install/bot_slam:/home/omi/ws_dec2/install/bot_nav:/opt/ros/humble /usr/bin/cmake --build /home/omi/interface_ws/build/my_robot_interfaces -- -j16 -l16
[1.192s] [  3%] [34m[1mGenerating C code for ROS interfaces[0m
[1.200s] [  6%] [34m[1mGenerating C++ code for ROS interfaces[0m
[1.200s] [  9%] [34m[1mGenerating Rust code for ROS interfaces[0m
[1.208s] [  9%] Built target ament_cmake_python_symlink_my_robot_interfaces
[2.178s] [  9%] Built target my_robot_interfaces__rs
[2.245s] [ 12%] [32mBuilding C object CMakeFiles/my_robot_interfaces__rosidl_generator_c.dir/rosidl_generator_c/my_robot_interfaces/msg/detail/hardware_status__functions.c.o[0m
[2.254s] [ 12%] Built target my_robot_interfaces__cpp
[2.263s] [ 18%] [34m[1mGenerating C++ type support dispatch for ROS interfaces[0m
[2.264s] [ 18%] [34m[1mGenerating C++ introspection for ROS interfaces[0m
[2.273s] [ 21%] [34m[1mGenerating C++ type support for eProsima Fast-RTPS[0m
[2.346s] running egg_info
[2.349s] creating my_robot_interfaces.egg-info
[2.351s] writing my_robot_interfaces.egg-info/PKG-INFO
[2.351s] writing dependency_links to my_robot_interfaces.egg-info/dependency_links.txt
[2.352s] writing top-level names to my_robot_interfaces.egg-info/top_level.txt
[2.353s] writing manifest file 'my_robot_interfaces.egg-info/SOURCES.txt'
[2.364s] reading manifest file 'my_robot_interfaces.egg-info/SOURCES.txt'
[2.367s] writing manifest file 'my_robot_interfaces.egg-info/SOURCES.txt'
[2.461s] [ 25%] [32m[1mLinking C shared library libmy_robot_interfaces__rosidl_generator_c.so[0m
[2.507s] [ 25%] Built target ament_cmake_python_build_my_robot_interfaces_egg
[2.556s] [ 25%] Built target my_robot_interfaces__rosidl_generator_c
[2.587s] [ 28%] [34m[1mGenerating C type support for eProsima Fast-RTPS[0m
[2.588s] [ 31%] [34m[1mGenerating C introspection for ROS interfaces[0m
[2.596s] [ 34%] [34m[1mGenerating C type support dispatch for ROS interfaces[0m
[3.375s] [ 37%] [32mBuilding CXX object CMakeFiles/my_robot_interfaces__rosidl_typesupport_cpp.dir/rosidl_typesupport_cpp/my_robot_interfaces/msg/hardware_status__type_support.cpp.o[0m
[3.442s] [ 40%] [32mBuilding CXX object CMakeFiles/my_robot_interfaces__rosidl_typesupport_introspection_cpp.dir/rosidl_typesupport_introspection_cpp/my_robot_interfaces/msg/detail/hardware_status__type_support.cpp.o[0m
[3.486s] [ 43%] [32mBuilding CXX object CMakeFiles/my_robot_interfaces__rosidl_typesupport_fastrtps_cpp.dir/rosidl_typesupport_fastrtps_cpp/my_robot_interfaces/msg/detail/dds_fastrtps/hardware_status__type_support.cpp.o[0m
[3.836s] [ 46%] [32mBuilding CXX object CMakeFiles/my_robot_interfaces__rosidl_typesupport_c.dir/rosidl_typesupport_c/my_robot_interfaces/msg/hardware_status__type_support.cpp.o[0m
[3.975s] [ 50%] [32mBuilding C object CMakeFiles/my_robot_interfaces__rosidl_typesupport_introspection_c.dir/rosidl_typesupport_introspection_c/my_robot_interfaces/msg/detail/hardware_status__type_support.c.o[0m
[3.996s] [ 53%] [32m[1mLinking CXX shared library libmy_robot_interfaces__rosidl_typesupport_c.so[0m
[4.001s] [ 56%] [32mBuilding CXX object CMakeFiles/my_robot_interfaces__rosidl_typesupport_fastrtps_c.dir/rosidl_typesupport_fastrtps_c/my_robot_interfaces/msg/detail/hardware_status__type_support_c.cpp.o[0m
[4.159s] [ 59%] [32m[1mLinking C shared library libmy_robot_interfaces__rosidl_typesupport_introspection_c.so[0m
[4.215s] [ 59%] Built target my_robot_interfaces__rosidl_typesupport_c
[4.328s] [ 59%] Built target my_robot_interfaces__rosidl_typesupport_introspection_c
[4.602s] [ 62%] [32m[1mLinking CXX shared library libmy_robot_interfaces__rosidl_typesupport_cpp.so[0m
[4.633s] [ 62%] Built target my_robot_interfaces__rosidl_typesupport_cpp
[4.677s] [ 65%] [32m[1mLinking CXX shared library libmy_robot_interfaces__rosidl_typesupport_introspection_cpp.so[0m
[4.701s] [ 68%] [32m[1mLinking CXX shared library libmy_robot_interfaces__rosidl_typesupport_fastrtps_cpp.so[0m
[4.714s] [ 71%] [32m[1mLinking CXX shared library libmy_robot_interfaces__rosidl_typesupport_fastrtps_c.so[0m
[4.727s] [ 71%] Built target my_robot_interfaces__rosidl_typesupport_introspection_cpp
[4.756s] [ 71%] Built target my_robot_interfaces__rosidl_typesupport_fastrtps_cpp
[4.764s] [ 71%] Built target my_robot_interfaces__rosidl_typesupport_fastrtps_c
[4.786s] [ 71%] Built target my_robot_interfaces
[4.809s] [ 75%] [34m[1mGenerating Python code for ROS interfaces[0m
[5.000s] [ 75%] Built target my_robot_interfaces__py
[5.017s] [ 78%] [32mBuilding C object CMakeFiles/my_robot_interfaces__rosidl_generator_py.dir/rosidl_generator_py/my_robot_interfaces/msg/_hardware_status_s.c.o[0m
[5.085s] [ 81%] [32m[1mLinking C shared library rosidl_generator_py/my_robot_interfaces/libmy_robot_interfaces__rosidl_generator_py.so[0m
[5.118s] [ 81%] Built target my_robot_interfaces__rosidl_generator_py
[5.134s] [ 84%] [32mBuilding C object CMakeFiles/my_robot_interfaces__rosidl_typesupport_introspection_c__pyext.dir/rosidl_generator_py/my_robot_interfaces/_my_robot_interfaces_s.ep.rosidl_typesupport_introspection_c.c.o[0m
[5.135s] [ 87%] [32mBuilding C object CMakeFiles/my_robot_interfaces__rosidl_typesupport_c__pyext.dir/rosidl_generator_py/my_robot_interfaces/_my_robot_interfaces_s.ep.rosidl_typesupport_c.c.o[0m
[5.135s] [ 90%] [32mBuilding C object CMakeFiles/my_robot_interfaces__rosidl_typesupport_fastrtps_c__pyext.dir/rosidl_generator_py/my_robot_interfaces/_my_robot_interfaces_s.ep.rosidl_typesupport_fastrtps_c.c.o[0m
[5.192s] [ 96%] [32m[1mLinking C shared library rosidl_generator_py/my_robot_interfaces/my_robot_interfaces_s__rosidl_typesupport_c.cpython-310-x86_64-linux-gnu.so[0m
[5.192s] [ 96%] [32m[1mLinking C shared library rosidl_generator_py/my_robot_interfaces/my_robot_interfaces_s__rosidl_typesupport_introspection_c.cpython-310-x86_64-linux-gnu.so[0m
[5.198s] [100%] [32m[1mLinking C shared library rosidl_generator_py/my_robot_interfaces/my_robot_interfaces_s__rosidl_typesupport_fastrtps_c.cpython-310-x86_64-linux-gnu.so[0m
[5.213s] [100%] Built target my_robot_interfaces__rosidl_typesupport_c__pyext
[5.219s] [100%] Built target my_robot_interfaces__rosidl_typesupport_introspection_c__pyext
[5.226s] [100%] Built target my_robot_interfaces__rosidl_typesupport_fastrtps_c__pyext
[5.235s] Invoked command in '/home/omi/interface_ws/build/my_robot_interfaces' returned '0': CMAKE_PREFIX_PATH=${CMAKE_PREFIX_PATH}:/home/omi/ws_dec2/install/samplebot_description:/home/omi/ws_dec2/install/bot_slam:/home/omi/ws_dec2/install/bot_nav:/opt/ros/humble /usr/bin/cmake --build /home/omi/interface_ws/build/my_robot_interfaces -- -j16 -l16
[5.244s] Invoking command in '/home/omi/interface_ws/build/my_robot_interfaces': CMAKE_PREFIX_PATH=${CMAKE_PREFIX_PATH}:/home/omi/ws_dec2/install/samplebot_description:/home/omi/ws_dec2/install/bot_slam:/home/omi/ws_dec2/install/bot_nav:/opt/ros/humble /usr/bin/cmake --install /home/omi/interface_ws/build/my_robot_interfaces
[5.251s] -- Install configuration: ""
[5.251s] -- Execute custom install script
[5.252s] -- Symlinking: /home/omi/interface_ws/install/my_robot_interfaces/share/ament_index/resource_index/rosidl_interfaces/my_robot_interfaces
[5.259s] -- Symlinking: /home/omi/interface_ws/install/my_robot_interfaces/include/my_robot_interfaces/my_robot_interfaces/msg/detail/hardware_status__functions.h
[5.267s] -- Symlinking: /home/omi/interface_ws/install/my_robot_interfaces/include/my_robot_interfaces/my_robot_interfaces/msg/detail/hardware_status__struct.h
[5.274s] -- Symlinking: /home/omi/interface_ws/install/my_robot_interfaces/include/my_robot_interfaces/my_robot_interfaces/msg/detail/hardware_status__type_support.h
[5.281s] -- Symlinking: /home/omi/interface_ws/install/my_robot_interfaces/include/my_robot_interfaces/my_robot_interfaces/msg/hardware_status.h
[5.289s] -- Symlinking: /home/omi/interface_ws/install/my_robot_interfaces/include/my_robot_interfaces/my_robot_interfaces/msg/rosidl_generator_c__visibility_control.h
[5.296s] -- Symlinking: /home/omi/interface_ws/install/my_robot_interfaces/share/my_robot_interfaces/environment/library_path.sh
[5.302s] -- Symlinking: /home/omi/interface_ws/install/my_robot_interfaces/share/my_robot_interfaces/environment/library_path.dsv
[5.310s] -- Symlinking: /home/omi/interface_ws/install/my_robot_interfaces/include/my_robot_interfaces/my_robot_interfaces/msg/detail/hardware_status__rosidl_typesupport_fastrtps_c.h
[5.317s] -- Symlinking: /home/omi/interface_ws/install/my_robot_interfaces/include/my_robot_interfaces/my_robot_interfaces/msg/rosidl_typesupport_fastrtps_c__visibility_control.h
[5.324s] -- Symlinking: /home/omi/interface_ws/install/my_robot_interfaces/include/my_robot_interfaces/my_robot_interfaces/msg/detail/hardware_status__rosidl_typesupport_introspection_c.h
[5.331s] -- Symlinking: /home/omi/interface_ws/install/my_robot_interfaces/include/my_robot_interfaces/my_robot_interfaces/msg/rosidl_typesupport_introspection_c__visibility_control.h
[5.338s] -- Symlinking: /home/omi/interface_ws/install/my_robot_interfaces/include/my_robot_interfaces/my_robot_interfaces/msg/detail/hardware_status__builder.hpp
[5.346s] -- Symlinking: /home/omi/interface_ws/install/my_robot_interfaces/include/my_robot_interfaces/my_robot_interfaces/msg/detail/hardware_status__struct.hpp
[5.353s] -- Symlinking: /home/omi/interface_ws/install/my_robot_interfaces/include/my_robot_interfaces/my_robot_interfaces/msg/detail/hardware_status__traits.hpp
[5.360s] -- Symlinking: /home/omi/interface_ws/install/my_robot_interfaces/include/my_robot_interfaces/my_robot_interfaces/msg/detail/hardware_status__type_support.hpp
[5.368s] -- Symlinking: /home/omi/interface_ws/install/my_robot_interfaces/include/my_robot_interfaces/my_robot_interfaces/msg/hardware_status.hpp
[5.374s] -- Symlinking: /home/omi/interface_ws/install/my_robot_interfaces/include/my_robot_interfaces/my_robot_interfaces/msg/rosidl_generator_cpp__visibility_control.hpp
[5.381s] -- Symlinking: /home/omi/interface_ws/install/my_robot_interfaces/include/my_robot_interfaces/my_robot_interfaces/msg/detail/hardware_status__rosidl_typesupport_fastrtps_cpp.hpp
[5.387s] -- Symlinking: /home/omi/interface_ws/install/my_robot_interfaces/include/my_robot_interfaces/my_robot_interfaces/msg/rosidl_typesupport_fastrtps_cpp__visibility_control.h
[5.394s] -- Symlinking: /home/omi/interface_ws/install/my_robot_interfaces/include/my_robot_interfaces/my_robot_interfaces/msg/detail/hardware_status__rosidl_typesupport_introspection_cpp.hpp
[5.401s] -- Symlinking: /home/omi/interface_ws/install/my_robot_interfaces/share/my_robot_interfaces/environment/pythonpath.sh
[5.409s] -- Symlinking: /home/omi/interface_ws/install/my_robot_interfaces/share/my_robot_interfaces/environment/pythonpath.dsv
[5.415s] -- Symlinking: /home/omi/interface_ws/install/my_robot_interfaces/local/lib/python3.10/dist-packages/my_robot_interfaces-0.0.0-py3.10.egg-info/PKG-INFO
[5.422s] -- Symlinking: /home/omi/interface_ws/install/my_robot_interfaces/local/lib/python3.10/dist-packages/my_robot_interfaces-0.0.0-py3.10.egg-info/SOURCES.txt
[5.428s] -- Symlinking: /home/omi/interface_ws/install/my_robot_interfaces/local/lib/python3.10/dist-packages/my_robot_interfaces-0.0.0-py3.10.egg-info/dependency_links.txt
[5.435s] -- Symlinking: /home/omi/interface_ws/install/my_robot_interfaces/local/lib/python3.10/dist-packages/my_robot_interfaces-0.0.0-py3.10.egg-info/top_level.txt
[5.443s] -- Symlinking: /home/omi/interface_ws/install/my_robot_interfaces/local/lib/python3.10/dist-packages/my_robot_interfaces/__init__.py
[5.451s] -- Symlinking: /home/omi/interface_ws/install/my_robot_interfaces/local/lib/python3.10/dist-packages/my_robot_interfaces/_my_robot_interfaces_s.ep.rosidl_typesupport_c.c
[5.458s] -- Symlinking: /home/omi/interface_ws/install/my_robot_interfaces/local/lib/python3.10/dist-packages/my_robot_interfaces/_my_robot_interfaces_s.ep.rosidl_typesupport_fastrtps_c.c
[5.466s] -- Symlinking: /home/omi/interface_ws/install/my_robot_interfaces/local/lib/python3.10/dist-packages/my_robot_interfaces/_my_robot_interfaces_s.ep.rosidl_typesupport_introspection_c.c
[5.473s] -- Symlinking: /home/omi/interface_ws/install/my_robot_interfaces/local/lib/python3.10/dist-packages/my_robot_interfaces/libmy_robot_interfaces__rosidl_generator_py.so
[5.479s] -- Symlinking: /home/omi/interface_ws/install/my_robot_interfaces/local/lib/python3.10/dist-packages/my_robot_interfaces/msg/__init__.py
[5.486s] -- Symlinking: /home/omi/interface_ws/install/my_robot_interfaces/local/lib/python3.10/dist-packages/my_robot_interfaces/msg/_hardware_status.py
[5.494s] -- Symlinking: /home/omi/interface_ws/install/my_robot_interfaces/local/lib/python3.10/dist-packages/my_robot_interfaces/msg/_hardware_status_s.c
[5.501s] -- Symlinking: /home/omi/interface_ws/install/my_robot_interfaces/local/lib/python3.10/dist-packages/my_robot_interfaces/my_robot_interfaces_s__rosidl_typesupport_c.cpython-310-x86_64-linux-gnu.so
[5.508s] -- Symlinking: /home/omi/interface_ws/install/my_robot_interfaces/local/lib/python3.10/dist-packages/my_robot_interfaces/my_robot_interfaces_s__rosidl_typesupport_fastrtps_c.cpython-310-x86_64-linux-gnu.so
[5.516s] -- Symlinking: /home/omi/interface_ws/install/my_robot_interfaces/local/lib/python3.10/dist-packages/my_robot_interfaces/my_robot_interfaces_s__rosidl_typesupport_introspection_c.cpython-310-x86_64-linux-gnu.so
[5.522s] -- Up-to-date symlink: /home/omi/interface_ws/install/my_robot_interfaces/local/lib/python3.10/dist-packages/my_robot_interfaces/my_robot_interfaces_s__rosidl_typesupport_fastrtps_c.cpython-310-x86_64-linux-gnu.so
[5.522s] -- Up-to-date symlink: /home/omi/interface_ws/install/my_robot_interfaces/local/lib/python3.10/dist-packages/my_robot_interfaces/my_robot_interfaces_s__rosidl_typesupport_introspection_c.cpython-310-x86_64-linux-gnu.so
[5.523s] -- Up-to-date symlink: /home/omi/interface_ws/install/my_robot_interfaces/local/lib/python3.10/dist-packages/my_robot_interfaces/my_robot_interfaces_s__rosidl_typesupport_c.cpython-310-x86_64-linux-gnu.so
[5.523s] -- Symlinking: /home/omi/interface_ws/install/my_robot_interfaces/share/ament_index/resource_index/rust_packages/my_robot_interfaces
[5.531s] -- Symlinking: /home/omi/interface_ws/install/my_robot_interfaces/share/my_robot_interfaces/rust/Cargo.toml
[5.538s] -- Symlinking: /home/omi/interface_ws/install/my_robot_interfaces/share/my_robot_interfaces/rust/build.rs
[5.545s] -- Symlinking: /home/omi/interface_ws/install/my_robot_interfaces/share/my_robot_interfaces/rust/src/lib.rs
[5.552s] -- Symlinking: /home/omi/interface_ws/install/my_robot_interfaces/share/my_robot_interfaces/rust/src/msg.rs
[5.559s] -- Symlinking: /home/omi/interface_ws/install/my_robot_interfaces/share/my_robot_interfaces/rust/src/msg/rmw.rs
[5.565s] -- Symlinking: /home/omi/interface_ws/install/my_robot_interfaces/share/my_robot_interfaces/msg/HardwareStatus.idl
[5.571s] -- Symlinking: /home/omi/interface_ws/install/my_robot_interfaces/share/my_robot_interfaces/msg/HardwareStatus.msg
[5.578s] -- Symlinking: /home/omi/interface_ws/install/my_robot_interfaces/share/ament_index/resource_index/package_run_dependencies/my_robot_interfaces
[5.585s] -- Symlinking: /home/omi/interface_ws/install/my_robot_interfaces/share/ament_index/resource_index/parent_prefix_path/my_robot_interfaces
[5.593s] -- Symlinking: /home/omi/interface_ws/install/my_robot_interfaces/share/my_robot_interfaces/environment/ament_prefix_path.sh
[5.601s] -- Symlinking: /home/omi/interface_ws/install/my_robot_interfaces/share/my_robot_interfaces/environment/ament_prefix_path.dsv
[5.606s] -- Symlinking: /home/omi/interface_ws/install/my_robot_interfaces/share/my_robot_interfaces/environment/path.sh
[5.613s] -- Symlinking: /home/omi/interface_ws/install/my_robot_interfaces/share/my_robot_interfaces/environment/path.dsv
[5.620s] -- Symlinking: /home/omi/interface_ws/install/my_robot_interfaces/share/my_robot_interfaces/local_setup.bash
[5.628s] -- Symlinking: /home/omi/interface_ws/install/my_robot_interfaces/share/my_robot_interfaces/local_setup.sh
[5.634s] -- Symlinking: /home/omi/interface_ws/install/my_robot_interfaces/share/my_robot_interfaces/local_setup.zsh
[5.640s] -- Symlinking: /home/omi/interface_ws/install/my_robot_interfaces/share/my_robot_interfaces/local_setup.dsv
[5.647s] -- Symlinking: /home/omi/interface_ws/install/my_robot_interfaces/share/my_robot_interfaces/package.dsv
[5.653s] -- Symlinking: /home/omi/interface_ws/install/my_robot_interfaces/share/ament_index/resource_index/packages/my_robot_interfaces
[5.660s] -- Symlinking: /home/omi/interface_ws/install/my_robot_interfaces/share/my_robot_interfaces/cmake/rosidl_cmake-extras.cmake
[5.668s] -- Symlinking: /home/omi/interface_ws/install/my_robot_interfaces/share/my_robot_interfaces/cmake/ament_cmake_export_include_directories-extras.cmake
[5.675s] -- Symlinking: /home/omi/interface_ws/install/my_robot_interfaces/share/my_robot_interfaces/cmake/ament_cmake_export_libraries-extras.cmake
[5.682s] -- Symlinking: /home/omi/interface_ws/install/my_robot_interfaces/share/my_robot_interfaces/cmake/ament_cmake_export_targets-extras.cmake
[5.689s] -- Symlinking: /home/omi/interface_ws/install/my_robot_interfaces/share/my_robot_interfaces/cmake/rosidl_cmake_export_typesupport_targets-extras.cmake
[5.697s] -- Symlinking: /home/omi/interface_ws/install/my_robot_interfaces/share/my_robot_interfaces/cmake/ament_cmake_export_dependencies-extras.cmake
[5.704s] -- Symlinking: /home/omi/interface_ws/install/my_robot_interfaces/share/my_robot_interfaces/cmake/rosidl_cmake_export_typesupport_libraries-extras.cmake
[5.710s] -- Symlinking: /home/omi/interface_ws/install/my_robot_interfaces/share/my_robot_interfaces/cmake/my_robot_interfacesConfig.cmake
[5.716s] -- Symlinking: /home/omi/interface_ws/install/my_robot_interfaces/share/my_robot_interfaces/cmake/my_robot_interfacesConfig-version.cmake
[5.722s] -- Symlinking: /home/omi/interface_ws/install/my_robot_interfaces/share/my_robot_interfaces/package.xml
[5.730s] -- Installing: /home/omi/interface_ws/install/my_robot_interfaces/lib/libmy_robot_interfaces__rosidl_generator_c.so
[5.730s] -- Set runtime path of "/home/omi/interface_ws/install/my_robot_interfaces/lib/libmy_robot_interfaces__rosidl_generator_c.so" to ""
[5.730s] -- Installing: /home/omi/interface_ws/install/my_robot_interfaces/lib/libmy_robot_interfaces__rosidl_typesupport_fastrtps_c.so
[5.730s] -- Set runtime path of "/home/omi/interface_ws/install/my_robot_interfaces/lib/libmy_robot_interfaces__rosidl_typesupport_fastrtps_c.so" to ""
[5.730s] -- Installing: /home/omi/interface_ws/install/my_robot_interfaces/lib/libmy_robot_interfaces__rosidl_typesupport_introspection_c.so
[5.730s] -- Set runtime path of "/home/omi/interface_ws/install/my_robot_interfaces/lib/libmy_robot_interfaces__rosidl_typesupport_introspection_c.so" to ""
[5.730s] -- Installing: /home/omi/interface_ws/install/my_robot_interfaces/lib/libmy_robot_interfaces__rosidl_typesupport_c.so
[5.730s] -- Set runtime path of "/home/omi/interface_ws/install/my_robot_interfaces/lib/libmy_robot_interfaces__rosidl_typesupport_c.so" to ""
[5.730s] -- Installing: /home/omi/interface_ws/install/my_robot_interfaces/lib/libmy_robot_interfaces__rosidl_typesupport_fastrtps_cpp.so
[5.730s] -- Set runtime path of "/home/omi/interface_ws/install/my_robot_interfaces/lib/libmy_robot_interfaces__rosidl_typesupport_fastrtps_cpp.so" to ""
[5.731s] -- Installing: /home/omi/interface_ws/install/my_robot_interfaces/lib/libmy_robot_interfaces__rosidl_typesupport_introspection_cpp.so
[5.731s] -- Set runtime path of "/home/omi/interface_ws/install/my_robot_interfaces/lib/libmy_robot_interfaces__rosidl_typesupport_introspection_cpp.so" to ""
[5.731s] -- Installing: /home/omi/interface_ws/install/my_robot_interfaces/lib/libmy_robot_interfaces__rosidl_typesupport_cpp.so
[5.731s] -- Set runtime path of "/home/omi/interface_ws/install/my_robot_interfaces/lib/libmy_robot_interfaces__rosidl_typesupport_cpp.so" to ""
[5.758s] Listing '/home/omi/interface_ws/install/my_robot_interfaces/local/lib/python3.10/dist-packages/my_robot_interfaces'...
[5.758s] Compiling '/home/omi/interface_ws/install/my_robot_interfaces/local/lib/python3.10/dist-packages/my_robot_interfaces/__init__.py'...
[5.758s] Listing '/home/omi/interface_ws/install/my_robot_interfaces/local/lib/python3.10/dist-packages/my_robot_interfaces/msg'...
[5.758s] Compiling '/home/omi/interface_ws/install/my_robot_interfaces/local/lib/python3.10/dist-packages/my_robot_interfaces/msg/__init__.py'...
[5.758s] Compiling '/home/omi/interface_ws/install/my_robot_interfaces/local/lib/python3.10/dist-packages/my_robot_interfaces/msg/_hardware_status.py'...
[5.761s] -- Installing: /home/omi/interface_ws/install/my_robot_interfaces/lib/libmy_robot_interfaces__rosidl_generator_py.so
[5.761s] -- Set runtime path of "/home/omi/interface_ws/install/my_robot_interfaces/lib/libmy_robot_interfaces__rosidl_generator_py.so" to ""
[5.761s] -- Installing: /home/omi/interface_ws/install/my_robot_interfaces/share/my_robot_interfaces/cmake/export_my_robot_interfaces__rosidl_generator_cExport.cmake
[5.761s] -- Installing: /home/omi/interface_ws/install/my_robot_interfaces/share/my_robot_interfaces/cmake/export_my_robot_interfaces__rosidl_generator_cExport-noconfig.cmake
[5.761s] -- Installing: /home/omi/interface_ws/install/my_robot_interfaces/share/my_robot_interfaces/cmake/export_my_robot_interfaces__rosidl_typesupport_fastrtps_cExport.cmake
[5.761s] -- Installing: /home/omi/interface_ws/install/my_robot_interfaces/share/my_robot_interfaces/cmake/export_my_robot_interfaces__rosidl_typesupport_fastrtps_cExport-noconfig.cmake
[5.761s] -- Installing: /home/omi/interface_ws/install/my_robot_interfaces/share/my_robot_interfaces/cmake/my_robot_interfaces__rosidl_typesupport_introspection_cExport.cmake
[5.761s] -- Installing: /home/omi/interface_ws/install/my_robot_interfaces/share/my_robot_interfaces/cmake/my_robot_interfaces__rosidl_typesupport_introspection_cExport-noconfig.cmake
[5.761s] -- Installing: /home/omi/interface_ws/install/my_robot_interfaces/share/my_robot_interfaces/cmake/my_robot_interfaces__rosidl_typesupport_cExport.cmake
[5.761s] -- Installing: /home/omi/interface_ws/install/my_robot_interfaces/share/my_robot_interfaces/cmake/my_robot_interfaces__rosidl_typesupport_cExport-noconfig.cmake
[5.762s] -- Installing: /home/omi/interface_ws/install/my_robot_interfaces/share/my_robot_interfaces/cmake/export_my_robot_interfaces__rosidl_generator_cppExport.cmake
[5.762s] -- Installing: /home/omi/interface_ws/install/my_robot_interfaces/share/my_robot_interfaces/cmake/export_my_robot_interfaces__rosidl_typesupport_fastrtps_cppExport.cmake
[5.762s] -- Installing: /home/omi/interface_ws/install/my_robot_interfaces/share/my_robot_interfaces/cmake/export_my_robot_interfaces__rosidl_typesupport_fastrtps_cppExport-noconfig.cmake
[5.762s] -- Installing: /home/omi/interface_ws/install/my_robot_interfaces/share/my_robot_interfaces/cmake/my_robot_interfaces__rosidl_typesupport_introspection_cppExport.cmake
[5.762s] -- Installing: /home/omi/interface_ws/install/my_robot_interfaces/share/my_robot_interfaces/cmake/my_robot_interfaces__rosidl_typesupport_introspection_cppExport-noconfig.cmake
[5.762s] -- Installing: /home/omi/interface_ws/install/my_robot_interfaces/share/my_robot_interfaces/cmake/my_robot_interfaces__rosidl_typesupport_cppExport.cmake
[5.762s] -- Installing: /home/omi/interface_ws/install/my_robot_interfaces/share/my_robot_interfaces/cmake/my_robot_interfaces__rosidl_typesupport_cppExport-noconfig.cmake
[5.762s] -- Installing: /home/omi/interface_ws/install/my_robot_interfaces/share/my_robot_interfaces/cmake/export_my_robot_interfaces__rosidl_generator_pyExport.cmake
[5.762s] -- Installing: /home/omi/interface_ws/install/my_robot_interfaces/share/my_robot_interfaces/cmake/export_my_robot_interfaces__rosidl_generator_pyExport-noconfig.cmake
[5.764s] Invoked command in '/home/omi/interface_ws/build/my_robot_interfaces' returned '0': CMAKE_PREFIX_PATH=${CMAKE_PREFIX_PATH}:/home/omi/ws_dec2/install/samplebot_description:/home/omi/ws_dec2/install/bot_slam:/home/omi/ws_dec2/install/bot_nav:/opt/ros/humble /usr/bin/cmake --install /home/omi/interface_ws/build/my_robot_interfaces
