[0.068s] DEBUG:colcon:Command line arguments: ['/usr/bin/colcon', 'build']
[0.068s] DEBUG:colcon:Parsed command line arguments: Namespace(log_base=None, log_level=None, verb_name='build', build_base='build', install_base='install', merge_install=False, symlink_install=False, test_result_base=None, continue_on_error=False, executor='parallel', parallel_workers=16, event_handlers=None, ignore_user_meta=False, metas=['./colcon.meta'], base_paths=['.'], packages_ignore=None, packages_ignore_regex=None, paths=None, packages_up_to=None, packages_up_to_regex=None, packages_above=None, packages_above_and_dependencies=None, packages_above_depth=None, packages_select_by_dep=None, packages_skip_by_dep=None, packages_skip_up_to=None, packages_select_build_failed=False, packages_skip_build_finished=False, packages_select_test_failures=False, packages_skip_test_passed=False, packages_select=None, packages_skip=None, packages_select_regex=None, packages_skip_regex=None, packages_start=None, packages_end=None, allow_overriding=[], cmake_args=None, cmake_target=None, cmake_target_skip_unavailable=False, cmake_clean_cache=False, cmake_clean_first=False, cmake_force_configure=False, ament_cmake_args=None, catkin_cmake_args=None, catkin_skip_building_tests=False, mixin_files=None, mixin=None, verb_parser=<colcon_mixin.mixin.mixin_argument.MixinArgumentDecorator object at 0x7f67f153a620>, verb_extension=<colcon_core.verb.build.BuildVerb object at 0x7f67f1677550>, main=<bound method BuildVerb.main of <colcon_core.verb.build.BuildVerb object at 0x7f67f1677550>>, mixin_verb=('build',))
[0.169s] Level 1:colcon.colcon_core.package_discovery:discover_packages(colcon_meta) check parameters
[0.169s] Level 1:colcon.colcon_core.package_discovery:discover_packages(recursive) check parameters
[0.169s] Level 1:colcon.colcon_core.package_discovery:discover_packages(ignore) check parameters
[0.169s] Level 1:colcon.colcon_core.package_discovery:discover_packages(path) check parameters
[0.169s] Level 1:colcon.colcon_core.package_discovery:discover_packages(colcon_meta) discover
[0.169s] Level 1:colcon.colcon_core.package_discovery:discover_packages(recursive) discover
[0.169s] INFO:colcon.colcon_core.package_discovery:Crawling recursively for packages in '/home/omi/interface_ws'
[0.169s] Level 1:colcon.colcon_core.package_identification:_identify(.) by extensions ['ignore', 'ignore_ament_install']
[0.170s] Level 1:colcon.colcon_core.package_identification:_identify(.) by extension 'ignore'
[0.170s] Level 1:colcon.colcon_core.package_identification:_identify(.) by extension 'ignore_ament_install'
[0.170s] Level 1:colcon.colcon_core.package_identification:_identify(.) by extensions ['colcon_pkg']
[0.170s] Level 1:colcon.colcon_core.package_identification:_identify(.) by extension 'colcon_pkg'
[0.170s] Level 1:colcon.colcon_core.package_identification:_identify(.) by extensions ['colcon_meta']
[0.170s] Level 1:colcon.colcon_core.package_identification:_identify(.) by extension 'colcon_meta'
[0.170s] Level 1:colcon.colcon_core.package_identification:_identify(.) by extensions ['ros']
[0.170s] Level 1:colcon.colcon_core.package_identification:_identify(.) by extension 'ros'
[0.177s] Level 1:colcon.colcon_core.package_identification:_identify(.) by extensions ['cmake', 'python']
[0.177s] Level 1:colcon.colcon_core.package_identification:_identify(.) by extension 'cmake'
[0.177s] Level 1:colcon.colcon_core.package_identification:_identify(.) by extension 'python'
[0.177s] Level 1:colcon.colcon_core.package_identification:_identify(.) by extensions ['python_setup_py']
[0.177s] Level 1:colcon.colcon_core.package_identification:_identify(.) by extension 'python_setup_py'
[0.177s] Level 1:colcon.colcon_core.package_identification:_identify(build) by extensions ['ignore', 'ignore_ament_install']
[0.177s] Level 1:colcon.colcon_core.package_identification:_identify(build) by extension 'ignore'
[0.177s] Level 1:colcon.colcon_core.package_identification:_identify(build) ignored
[0.177s] Level 1:colcon.colcon_core.package_identification:_identify(install) by extensions ['ignore', 'ignore_ament_install']
[0.177s] Level 1:colcon.colcon_core.package_identification:_identify(install) by extension 'ignore'
[0.177s] Level 1:colcon.colcon_core.package_identification:_identify(install) ignored
[0.177s] Level 1:colcon.colcon_core.package_identification:_identify(log) by extensions ['ignore', 'ignore_ament_install']
[0.177s] Level 1:colcon.colcon_core.package_identification:_identify(log) by extension 'ignore'
[0.177s] Level 1:colcon.colcon_core.package_identification:_identify(log) ignored
[0.177s] Level 1:colcon.colcon_core.package_identification:_identify(src) by extensions ['ignore', 'ignore_ament_install']
[0.177s] Level 1:colcon.colcon_core.package_identification:_identify(src) by extension 'ignore'
[0.177s] Level 1:colcon.colcon_core.package_identification:_identify(src) by extension 'ignore_ament_install'
[0.177s] Level 1:colcon.colcon_core.package_identification:_identify(src) by extensions ['colcon_pkg']
[0.177s] Level 1:colcon.colcon_core.package_identification:_identify(src) by extension 'colcon_pkg'
[0.177s] Level 1:colcon.colcon_core.package_identification:_identify(src) by extensions ['colcon_meta']
[0.177s] Level 1:colcon.colcon_core.package_identification:_identify(src) by extension 'colcon_meta'
[0.178s] Level 1:colcon.colcon_core.package_identification:_identify(src) by extensions ['ros']
[0.178s] Level 1:colcon.colcon_core.package_identification:_identify(src) by extension 'ros'
[0.178s] Level 1:colcon.colcon_core.package_identification:_identify(src) by extensions ['cmake', 'python']
[0.178s] Level 1:colcon.colcon_core.package_identification:_identify(src) by extension 'cmake'
[0.178s] Level 1:colcon.colcon_core.package_identification:_identify(src) by extension 'python'
[0.178s] Level 1:colcon.colcon_core.package_identification:_identify(src) by extensions ['python_setup_py']
[0.178s] Level 1:colcon.colcon_core.package_identification:_identify(src) by extension 'python_setup_py'
[0.178s] Level 1:colcon.colcon_core.package_identification:_identify(src/my_py_pkg) by extensions ['ignore', 'ignore_ament_install']
[0.178s] Level 1:colcon.colcon_core.package_identification:_identify(src/my_py_pkg) by extension 'ignore'
[0.178s] Level 1:colcon.colcon_core.package_identification:_identify(src/my_py_pkg) by extension 'ignore_ament_install'
[0.178s] Level 1:colcon.colcon_core.package_identification:_identify(src/my_py_pkg) by extensions ['colcon_pkg']
[0.178s] Level 1:colcon.colcon_core.package_identification:_identify(src/my_py_pkg) by extension 'colcon_pkg'
[0.178s] Level 1:colcon.colcon_core.package_identification:_identify(src/my_py_pkg) by extensions ['colcon_meta']
[0.178s] Level 1:colcon.colcon_core.package_identification:_identify(src/my_py_pkg) by extension 'colcon_meta'
[0.178s] Level 1:colcon.colcon_core.package_identification:_identify(src/my_py_pkg) by extensions ['ros']
[0.178s] Level 1:colcon.colcon_core.package_identification:_identify(src/my_py_pkg) by extension 'ros'
[0.180s] DEBUG:colcon.colcon_core.package_identification:Package 'src/my_py_pkg' with type 'ros.ament_python' and name 'my_py_pkg'
[0.180s] Level 1:colcon.colcon_core.package_identification:_identify(src/my_robot_interfaces) by extensions ['ignore', 'ignore_ament_install']
[0.180s] Level 1:colcon.colcon_core.package_identification:_identify(src/my_robot_interfaces) by extension 'ignore'
[0.180s] Level 1:colcon.colcon_core.package_identification:_identify(src/my_robot_interfaces) by extension 'ignore_ament_install'
[0.180s] Level 1:colcon.colcon_core.package_identification:_identify(src/my_robot_interfaces) by extensions ['colcon_pkg']
[0.180s] Level 1:colcon.colcon_core.package_identification:_identify(src/my_robot_interfaces) by extension 'colcon_pkg'
[0.180s] Level 1:colcon.colcon_core.package_identification:_identify(src/my_robot_interfaces) by extensions ['colcon_meta']
[0.180s] Level 1:colcon.colcon_core.package_identification:_identify(src/my_robot_interfaces) by extension 'colcon_meta'
[0.180s] Level 1:colcon.colcon_core.package_identification:_identify(src/my_robot_interfaces) by extensions ['ros']
[0.180s] Level 1:colcon.colcon_core.package_identification:_identify(src/my_robot_interfaces) by extension 'ros'
[0.180s] DEBUG:colcon.colcon_core.package_identification:Package 'src/my_robot_interfaces' with type 'ros.ament_cmake' and name 'my_robot_interfaces'
[0.180s] Level 1:colcon.colcon_core.package_discovery:discover_packages(recursive) using defaults
[0.180s] Level 1:colcon.colcon_core.package_discovery:discover_packages(ignore) discover
[0.180s] Level 1:colcon.colcon_core.package_discovery:discover_packages(ignore) using defaults
[0.180s] Level 1:colcon.colcon_core.package_discovery:discover_packages(path) discover
[0.180s] Level 1:colcon.colcon_core.package_discovery:discover_packages(path) using defaults
[0.200s] Level 1:colcon.colcon_core.package_discovery:discover_packages(prefix_path) check parameters
[0.201s] Level 1:colcon.colcon_core.package_discovery:discover_packages(prefix_path) discover
[0.202s] DEBUG:colcon.colcon_installed_package_information.package_discovery:Found 6 installed packages in /home/omi/ws_dec2/install
[0.203s] DEBUG:colcon.colcon_installed_package_information.package_discovery:Found 452 installed packages in /opt/ros/humble
[0.204s] Level 1:colcon.colcon_core.package_discovery:discover_packages(prefix_path) using defaults
[0.235s] Level 5:colcon.colcon_core.verb:set package 'my_robot_interfaces' build argument 'cmake_args' from command line to 'None'
[0.236s] Level 5:colcon.colcon_core.verb:set package 'my_robot_interfaces' build argument 'cmake_target' from command line to 'None'
[0.236s] Level 5:colcon.colcon_core.verb:set package 'my_robot_interfaces' build argument 'cmake_target_skip_unavailable' from command line to 'False'
[0.236s] Level 5:colcon.colcon_core.verb:set package 'my_robot_interfaces' build argument 'cmake_clean_cache' from command line to 'False'
[0.236s] Level 5:colcon.colcon_core.verb:set package 'my_robot_interfaces' build argument 'cmake_clean_first' from command line to 'False'
[0.236s] Level 5:colcon.colcon_core.verb:set package 'my_robot_interfaces' build argument 'cmake_force_configure' from command line to 'False'
[0.236s] Level 5:colcon.colcon_core.verb:set package 'my_robot_interfaces' build argument 'ament_cmake_args' from command line to 'None'
[0.236s] Level 5:colcon.colcon_core.verb:set package 'my_robot_interfaces' build argument 'catkin_cmake_args' from command line to 'None'
[0.236s] Level 5:colcon.colcon_core.verb:set package 'my_robot_interfaces' build argument 'catkin_skip_building_tests' from command line to 'False'
[0.236s] DEBUG:colcon.colcon_core.verb:Building package 'my_robot_interfaces' with the following arguments: {'ament_cmake_args': None, 'build_base': '/home/omi/interface_ws/build/my_robot_interfaces', 'catkin_cmake_args': None, 'catkin_skip_building_tests': False, 'cmake_args': None, 'cmake_clean_cache': False, 'cmake_clean_first': False, 'cmake_force_configure': False, 'cmake_target': None, 'cmake_target_skip_unavailable': False, 'install_base': '/home/omi/interface_ws/install/my_robot_interfaces', 'merge_install': False, 'path': '/home/omi/interface_ws/src/my_robot_interfaces', 'symlink_install': False, 'test_result_base': None}
[0.236s] Level 5:colcon.colcon_core.verb:set package 'my_py_pkg' build argument 'cmake_args' from command line to 'None'
[0.236s] Level 5:colcon.colcon_core.verb:set package 'my_py_pkg' build argument 'cmake_target' from command line to 'None'
[0.236s] Level 5:colcon.colcon_core.verb:set package 'my_py_pkg' build argument 'cmake_target_skip_unavailable' from command line to 'False'
[0.236s] Level 5:colcon.colcon_core.verb:set package 'my_py_pkg' build argument 'cmake_clean_cache' from command line to 'False'
[0.236s] Level 5:colcon.colcon_core.verb:set package 'my_py_pkg' build argument 'cmake_clean_first' from command line to 'False'
[0.236s] Level 5:colcon.colcon_core.verb:set package 'my_py_pkg' build argument 'cmake_force_configure' from command line to 'False'
[0.236s] Level 5:colcon.colcon_core.verb:set package 'my_py_pkg' build argument 'ament_cmake_args' from command line to 'None'
[0.236s] Level 5:colcon.colcon_core.verb:set package 'my_py_pkg' build argument 'catkin_cmake_args' from command line to 'None'
[0.236s] Level 5:colcon.colcon_core.verb:set package 'my_py_pkg' build argument 'catkin_skip_building_tests' from command line to 'False'
[0.236s] DEBUG:colcon.colcon_core.verb:Building package 'my_py_pkg' with the following arguments: {'ament_cmake_args': None, 'build_base': '/home/omi/interface_ws/build/my_py_pkg', 'catkin_cmake_args': None, 'catkin_skip_building_tests': False, 'cmake_args': None, 'cmake_clean_cache': False, 'cmake_clean_first': False, 'cmake_force_configure': False, 'cmake_target': None, 'cmake_target_skip_unavailable': False, 'install_base': '/home/omi/interface_ws/install/my_py_pkg', 'merge_install': False, 'path': '/home/omi/interface_ws/src/my_py_pkg', 'symlink_install': False, 'test_result_base': None}
[0.236s] INFO:colcon.colcon_core.executor:Executing jobs using 'parallel' executor
[0.237s] DEBUG:colcon.colcon_parallel_executor.executor.parallel:run_until_complete
[0.237s] INFO:colcon.colcon_ros.task.ament_cmake.build:Building ROS package in '/home/omi/interface_ws/src/my_robot_interfaces' with build type 'ament_cmake'
[0.237s] INFO:colcon.colcon_cmake.task.cmake.build:Building CMake package in '/home/omi/interface_ws/src/my_robot_interfaces'
[0.239s] INFO:colcon.colcon_core.plugin_system:Skipping extension 'colcon_core.shell.bat': Not used on non-Windows systems
[0.239s] INFO:colcon.colcon_core.shell:Skip shell extension 'powershell' for command environment: Not usable outside of PowerShell
[0.239s] DEBUG:colcon.colcon_core.shell:Skip shell extension 'dsv' for command environment
[0.246s] DEBUG:colcon.colcon_core.event_handler.log_command:Invoking command in '/home/omi/interface_ws/build/my_robot_interfaces': CMAKE_PREFIX_PATH=${CMAKE_PREFIX_PATH}:/home/omi/ws_dec2/install/samplebot_description:/home/omi/ws_dec2/install/bot_slam:/home/omi/ws_dec2/install/bot_nav:/opt/ros/humble /usr/bin/cmake /home/omi/interface_ws/src/my_robot_interfaces -DCMAKE_INSTALL_PREFIX=/home/omi/interface_ws/install/my_robot_interfaces
[0.987s] DEBUG:colcon.colcon_core.event_handler.log_command:Invoked command in '/home/omi/interface_ws/build/my_robot_interfaces' returned '0': CMAKE_PREFIX_PATH=${CMAKE_PREFIX_PATH}:/home/omi/ws_dec2/install/samplebot_description:/home/omi/ws_dec2/install/bot_slam:/home/omi/ws_dec2/install/bot_nav:/opt/ros/humble /usr/bin/cmake /home/omi/interface_ws/src/my_robot_interfaces -DCMAKE_INSTALL_PREFIX=/home/omi/interface_ws/install/my_robot_interfaces
[0.989s] DEBUG:colcon.colcon_core.event_handler.log_command:Invoking command in '/home/omi/interface_ws/build/my_robot_interfaces': CMAKE_PREFIX_PATH=${CMAKE_PREFIX_PATH}:/home/omi/ws_dec2/install/samplebot_description:/home/omi/ws_dec2/install/bot_slam:/home/omi/ws_dec2/install/bot_nav:/opt/ros/humble /usr/bin/cmake --build /home/omi/interface_ws/build/my_robot_interfaces -- -j16 -l16
[1.222s] DEBUG:colcon.colcon_core.event_handler.log_command:Invoked command in '/home/omi/interface_ws/build/my_robot_interfaces' returned '0': CMAKE_PREFIX_PATH=${CMAKE_PREFIX_PATH}:/home/omi/ws_dec2/install/samplebot_description:/home/omi/ws_dec2/install/bot_slam:/home/omi/ws_dec2/install/bot_nav:/opt/ros/humble /usr/bin/cmake --build /home/omi/interface_ws/build/my_robot_interfaces -- -j16 -l16
[1.229s] DEBUG:colcon.colcon_core.event_handler.log_command:Invoking command in '/home/omi/interface_ws/build/my_robot_interfaces': CMAKE_PREFIX_PATH=${CMAKE_PREFIX_PATH}:/home/omi/ws_dec2/install/samplebot_description:/home/omi/ws_dec2/install/bot_slam:/home/omi/ws_dec2/install/bot_nav:/opt/ros/humble /usr/bin/cmake --install /home/omi/interface_ws/build/my_robot_interfaces
[1.276s] Level 1:colcon.colcon_core.environment:create_environment_scripts_only(my_robot_interfaces)
[1.277s] DEBUG:colcon.colcon_core.event_handler.log_command:Invoked command in '/home/omi/interface_ws/build/my_robot_interfaces' returned '0': CMAKE_PREFIX_PATH=${CMAKE_PREFIX_PATH}:/home/omi/ws_dec2/install/samplebot_description:/home/omi/ws_dec2/install/bot_slam:/home/omi/ws_dec2/install/bot_nav:/opt/ros/humble /usr/bin/cmake --install /home/omi/interface_ws/build/my_robot_interfaces
[1.279s] Level 1:colcon.colcon_core.environment:checking '/home/omi/interface_ws/install/my_robot_interfaces' for CMake module files
[1.279s] Level 1:colcon.colcon_core.environment:checking '/home/omi/interface_ws/install/my_robot_interfaces' for CMake config files
[1.280s] Level 1:colcon.colcon_core.shell:create_environment_hook('my_robot_interfaces', 'cmake_prefix_path')
[1.280s] INFO:colcon.colcon_core.shell:Creating environment hook '/home/omi/interface_ws/install/my_robot_interfaces/share/my_robot_interfaces/hook/cmake_prefix_path.ps1'
[1.280s] INFO:colcon.colcon_core.shell:Creating environment descriptor '/home/omi/interface_ws/install/my_robot_interfaces/share/my_robot_interfaces/hook/cmake_prefix_path.dsv'
[1.280s] INFO:colcon.colcon_core.shell:Creating environment hook '/home/omi/interface_ws/install/my_robot_interfaces/share/my_robot_interfaces/hook/cmake_prefix_path.sh'
[1.281s] Level 1:colcon.colcon_core.environment:checking '/home/omi/interface_ws/install/my_robot_interfaces/lib'
[1.281s] Level 1:colcon.colcon_core.shell:create_environment_hook('my_robot_interfaces', 'ld_library_path_lib')
[1.281s] INFO:colcon.colcon_core.shell:Creating environment hook '/home/omi/interface_ws/install/my_robot_interfaces/share/my_robot_interfaces/hook/ld_library_path_lib.ps1'
[1.281s] INFO:colcon.colcon_core.shell:Creating environment descriptor '/home/omi/interface_ws/install/my_robot_interfaces/share/my_robot_interfaces/hook/ld_library_path_lib.dsv'
[1.282s] INFO:colcon.colcon_core.shell:Creating environment hook '/home/omi/interface_ws/install/my_robot_interfaces/share/my_robot_interfaces/hook/ld_library_path_lib.sh'
[1.282s] Level 1:colcon.colcon_core.environment:checking '/home/omi/interface_ws/install/my_robot_interfaces/bin'
[1.282s] Level 1:colcon.colcon_core.environment:checking '/home/omi/interface_ws/install/my_robot_interfaces/lib/pkgconfig/my_robot_interfaces.pc'
[1.282s] Level 1:colcon.colcon_core.environment:checking '/home/omi/interface_ws/install/my_robot_interfaces/lib/python3.10/site-packages'
[1.282s] Level 1:colcon.colcon_core.environment:checking '/home/omi/interface_ws/install/my_robot_interfaces/bin'
[1.282s] INFO:colcon.colcon_core.shell:Creating package script '/home/omi/interface_ws/install/my_robot_interfaces/share/my_robot_interfaces/package.ps1'
[1.283s] INFO:colcon.colcon_core.shell:Creating package descriptor '/home/omi/interface_ws/install/my_robot_interfaces/share/my_robot_interfaces/package.dsv'
[1.283s] INFO:colcon.colcon_core.shell:Creating package script '/home/omi/interface_ws/install/my_robot_interfaces/share/my_robot_interfaces/package.sh'
[1.284s] INFO:colcon.colcon_core.shell:Creating package script '/home/omi/interface_ws/install/my_robot_interfaces/share/my_robot_interfaces/package.bash'
[1.284s] INFO:colcon.colcon_core.shell:Creating package script '/home/omi/interface_ws/install/my_robot_interfaces/share/my_robot_interfaces/package.zsh'
[1.284s] Level 1:colcon.colcon_core.environment:create_file_with_runtime_dependencies(/home/omi/interface_ws/install/my_robot_interfaces/share/colcon-core/packages/my_robot_interfaces)
[1.285s] Level 1:colcon.colcon_core.environment:create_environment_scripts_only(my_robot_interfaces)
[1.285s] Level 1:colcon.colcon_core.environment:checking '/home/omi/interface_ws/install/my_robot_interfaces' for CMake module files
[1.285s] Level 1:colcon.colcon_core.environment:checking '/home/omi/interface_ws/install/my_robot_interfaces' for CMake config files
[1.285s] Level 1:colcon.colcon_core.shell:create_environment_hook('my_robot_interfaces', 'cmake_prefix_path')
[1.286s] INFO:colcon.colcon_core.shell:Creating environment hook '/home/omi/interface_ws/install/my_robot_interfaces/share/my_robot_interfaces/hook/cmake_prefix_path.ps1'
[1.286s] INFO:colcon.colcon_core.shell:Creating environment descriptor '/home/omi/interface_ws/install/my_robot_interfaces/share/my_robot_interfaces/hook/cmake_prefix_path.dsv'
[1.286s] INFO:colcon.colcon_core.shell:Creating environment hook '/home/omi/interface_ws/install/my_robot_interfaces/share/my_robot_interfaces/hook/cmake_prefix_path.sh'
[1.286s] Level 1:colcon.colcon_core.environment:checking '/home/omi/interface_ws/install/my_robot_interfaces/lib'
[1.286s] Level 1:colcon.colcon_core.shell:create_environment_hook('my_robot_interfaces', 'ld_library_path_lib')
[1.287s] INFO:colcon.colcon_core.shell:Creating environment hook '/home/omi/interface_ws/install/my_robot_interfaces/share/my_robot_interfaces/hook/ld_library_path_lib.ps1'
[1.287s] INFO:colcon.colcon_core.shell:Creating environment descriptor '/home/omi/interface_ws/install/my_robot_interfaces/share/my_robot_interfaces/hook/ld_library_path_lib.dsv'
[1.287s] INFO:colcon.colcon_core.shell:Creating environment hook '/home/omi/interface_ws/install/my_robot_interfaces/share/my_robot_interfaces/hook/ld_library_path_lib.sh'
[1.287s] Level 1:colcon.colcon_core.environment:checking '/home/omi/interface_ws/install/my_robot_interfaces/bin'
[1.287s] Level 1:colcon.colcon_core.environment:checking '/home/omi/interface_ws/install/my_robot_interfaces/lib/pkgconfig/my_robot_interfaces.pc'
[1.287s] Level 1:colcon.colcon_core.environment:checking '/home/omi/interface_ws/install/my_robot_interfaces/lib/python3.10/site-packages'
[1.288s] Level 1:colcon.colcon_core.environment:checking '/home/omi/interface_ws/install/my_robot_interfaces/bin'
[1.288s] INFO:colcon.colcon_core.shell:Creating package script '/home/omi/interface_ws/install/my_robot_interfaces/share/my_robot_interfaces/package.ps1'
[1.288s] INFO:colcon.colcon_core.shell:Creating package descriptor '/home/omi/interface_ws/install/my_robot_interfaces/share/my_robot_interfaces/package.dsv'
[1.288s] INFO:colcon.colcon_core.shell:Creating package script '/home/omi/interface_ws/install/my_robot_interfaces/share/my_robot_interfaces/package.sh'
[1.289s] INFO:colcon.colcon_core.shell:Creating package script '/home/omi/interface_ws/install/my_robot_interfaces/share/my_robot_interfaces/package.bash'
[1.289s] INFO:colcon.colcon_core.shell:Creating package script '/home/omi/interface_ws/install/my_robot_interfaces/share/my_robot_interfaces/package.zsh'
[1.289s] Level 1:colcon.colcon_core.environment:create_file_with_runtime_dependencies(/home/omi/interface_ws/install/my_robot_interfaces/share/colcon-core/packages/my_robot_interfaces)
[1.289s] INFO:colcon.colcon_ros.task.ament_python.build:Building ROS package in '/home/omi/interface_ws/src/my_py_pkg' with build type 'ament_python'
[1.289s] Level 1:colcon.colcon_core.shell:create_environment_hook('my_py_pkg', 'ament_prefix_path')
[1.289s] INFO:colcon.colcon_core.shell:Creating environment hook '/home/omi/interface_ws/install/my_py_pkg/share/my_py_pkg/hook/ament_prefix_path.ps1'
[1.290s] INFO:colcon.colcon_core.shell:Creating environment descriptor '/home/omi/interface_ws/install/my_py_pkg/share/my_py_pkg/hook/ament_prefix_path.dsv'
[1.290s] INFO:colcon.colcon_core.shell:Creating environment hook '/home/omi/interface_ws/install/my_py_pkg/share/my_py_pkg/hook/ament_prefix_path.sh'
[1.291s] INFO:colcon.colcon_core.shell:Skip shell extension 'powershell' for command environment: Not usable outside of PowerShell
[1.291s] DEBUG:colcon.colcon_core.shell:Skip shell extension 'dsv' for command environment
[1.460s] WARNING:colcon.colcon_ros.task.ament_python.build:Package 'my_py_pkg' doesn't explicitly install a marker in the package index (colcon-ros currently does it implicitly but that fallback will be removed in the future)
[1.460s] WARNING:colcon.colcon_ros.task.ament_python.build:Package 'my_py_pkg' doesn't explicitly install the 'package.xml' file (colcon-ros currently does it implicitly but that fallback will be removed in the future)
[1.461s] INFO:colcon.colcon_core.task.python.build:Building Python package in '/home/omi/interface_ws/src/my_py_pkg'
[1.461s] INFO:colcon.colcon_core.shell:Skip shell extension 'powershell' for command environment: Not usable outside of PowerShell
[1.461s] DEBUG:colcon.colcon_core.shell:Skip shell extension 'dsv' for command environment
[1.690s] DEBUG:colcon.colcon_core.event_handler.log_command:Invoking command in '/home/omi/interface_ws/build/my_py_pkg': AMENT_PREFIX_PATH=/home/omi/interface_ws/install/my_robot_interfaces:${AMENT_PREFIX_PATH} CMAKE_PREFIX_PATH=/home/omi/interface_ws/install/my_robot_interfaces:${CMAKE_PREFIX_PATH} LD_LIBRARY_PATH=/home/omi/interface_ws/install/my_robot_interfaces/lib:${LD_LIBRARY_PATH} PYTHONPATH=/home/omi/interface_ws/build/my_py_pkg/prefix_override:/usr/lib/python3/dist-packages/colcon_core/task/python/colcon_distutils_commands:/home/omi/interface_ws/install/my_py_pkg/lib/python3.10/site-packages:/home/omi/interface_ws/install/my_robot_interfaces/local/lib/python3.10/dist-packages:${PYTHONPATH} /usr/bin/python3 -W ignore:setup.py install is deprecated -W ignore:easy_install command is deprecated setup.py develop --uninstall --editable --build-directory /home/omi/interface_ws/build/my_py_pkg/build
[1.960s] DEBUG:colcon.colcon_core.event_handler.log_command:Invoked command in '/home/omi/interface_ws/build/my_py_pkg' returned '0': AMENT_PREFIX_PATH=/home/omi/interface_ws/install/my_robot_interfaces:${AMENT_PREFIX_PATH} CMAKE_PREFIX_PATH=/home/omi/interface_ws/install/my_robot_interfaces:${CMAKE_PREFIX_PATH} LD_LIBRARY_PATH=/home/omi/interface_ws/install/my_robot_interfaces/lib:${LD_LIBRARY_PATH} PYTHONPATH=/home/omi/interface_ws/build/my_py_pkg/prefix_override:/usr/lib/python3/dist-packages/colcon_core/task/python/colcon_distutils_commands:/home/omi/interface_ws/install/my_py_pkg/lib/python3.10/site-packages:/home/omi/interface_ws/install/my_robot_interfaces/local/lib/python3.10/dist-packages:${PYTHONPATH} /usr/bin/python3 -W ignore:setup.py install is deprecated -W ignore:easy_install command is deprecated setup.py develop --uninstall --editable --build-directory /home/omi/interface_ws/build/my_py_pkg/build
[1.962s] DEBUG:colcon.colcon_core.event_handler.log_command:Invoking command in '/home/omi/interface_ws/src/my_py_pkg': AMENT_PREFIX_PATH=/home/omi/interface_ws/install/my_robot_interfaces:${AMENT_PREFIX_PATH} CMAKE_PREFIX_PATH=/home/omi/interface_ws/install/my_robot_interfaces:${CMAKE_PREFIX_PATH} LD_LIBRARY_PATH=/home/omi/interface_ws/install/my_robot_interfaces/lib:${LD_LIBRARY_PATH} PYTHONPATH=/home/omi/interface_ws/build/my_py_pkg/prefix_override:/usr/lib/python3/dist-packages/colcon_core/task/python/colcon_distutils_commands:/home/omi/interface_ws/install/my_py_pkg/lib/python3.10/site-packages:/home/omi/interface_ws/install/my_robot_interfaces/local/lib/python3.10/dist-packages:${PYTHONPATH} /usr/bin/python3 -W ignore:setup.py install is deprecated -W ignore:easy_install command is deprecated setup.py egg_info --egg-base ../../build/my_py_pkg build --build-base /home/omi/interface_ws/build/my_py_pkg/build install --record /home/omi/interface_ws/build/my_py_pkg/install.log --single-version-externally-managed
[2.143s] Level 1:colcon.colcon_core.environment:checking '/home/omi/interface_ws/install/my_py_pkg' for CMake module files
[2.144s] DEBUG:colcon.colcon_core.event_handler.log_command:Invoked command in '/home/omi/interface_ws/src/my_py_pkg' returned '0': AMENT_PREFIX_PATH=/home/omi/interface_ws/install/my_robot_interfaces:${AMENT_PREFIX_PATH} CMAKE_PREFIX_PATH=/home/omi/interface_ws/install/my_robot_interfaces:${CMAKE_PREFIX_PATH} LD_LIBRARY_PATH=/home/omi/interface_ws/install/my_robot_interfaces/lib:${LD_LIBRARY_PATH} PYTHONPATH=/home/omi/interface_ws/build/my_py_pkg/prefix_override:/usr/lib/python3/dist-packages/colcon_core/task/python/colcon_distutils_commands:/home/omi/interface_ws/install/my_py_pkg/lib/python3.10/site-packages:/home/omi/interface_ws/install/my_robot_interfaces/local/lib/python3.10/dist-packages:${PYTHONPATH} /usr/bin/python3 -W ignore:setup.py install is deprecated -W ignore:easy_install command is deprecated setup.py egg_info --egg-base ../../build/my_py_pkg build --build-base /home/omi/interface_ws/build/my_py_pkg/build install --record /home/omi/interface_ws/build/my_py_pkg/install.log --single-version-externally-managed
[2.144s] Level 1:colcon.colcon_core.environment:checking '/home/omi/interface_ws/install/my_py_pkg' for CMake config files
[2.144s] Level 1:colcon.colcon_core.environment:checking '/home/omi/interface_ws/install/my_py_pkg/lib'
[2.144s] Level 1:colcon.colcon_core.environment:checking '/home/omi/interface_ws/install/my_py_pkg/bin'
[2.144s] Level 1:colcon.colcon_core.environment:checking '/home/omi/interface_ws/install/my_py_pkg/lib/pkgconfig/my_py_pkg.pc'
[2.145s] Level 1:colcon.colcon_core.environment:checking '/home/omi/interface_ws/install/my_py_pkg/lib/python3.10/site-packages'
[2.145s] Level 1:colcon.colcon_core.shell:create_environment_hook('my_py_pkg', 'pythonpath')
[2.145s] INFO:colcon.colcon_core.shell:Creating environment hook '/home/omi/interface_ws/install/my_py_pkg/share/my_py_pkg/hook/pythonpath.ps1'
[2.145s] INFO:colcon.colcon_core.shell:Creating environment descriptor '/home/omi/interface_ws/install/my_py_pkg/share/my_py_pkg/hook/pythonpath.dsv'
[2.145s] INFO:colcon.colcon_core.shell:Creating environment hook '/home/omi/interface_ws/install/my_py_pkg/share/my_py_pkg/hook/pythonpath.sh'
[2.146s] Level 1:colcon.colcon_core.environment:checking '/home/omi/interface_ws/install/my_py_pkg/bin'
[2.146s] Level 1:colcon.colcon_core.environment:create_environment_scripts_only(my_py_pkg)
[2.146s] INFO:colcon.colcon_core.shell:Creating package script '/home/omi/interface_ws/install/my_py_pkg/share/my_py_pkg/package.ps1'
[2.146s] INFO:colcon.colcon_core.shell:Creating package descriptor '/home/omi/interface_ws/install/my_py_pkg/share/my_py_pkg/package.dsv'
[2.146s] INFO:colcon.colcon_core.shell:Creating package script '/home/omi/interface_ws/install/my_py_pkg/share/my_py_pkg/package.sh'
[2.147s] INFO:colcon.colcon_core.shell:Creating package script '/home/omi/interface_ws/install/my_py_pkg/share/my_py_pkg/package.bash'
[2.147s] INFO:colcon.colcon_core.shell:Creating package script '/home/omi/interface_ws/install/my_py_pkg/share/my_py_pkg/package.zsh'
[2.147s] Level 1:colcon.colcon_core.environment:create_file_with_runtime_dependencies(/home/omi/interface_ws/install/my_py_pkg/share/colcon-core/packages/my_py_pkg)
[2.147s] DEBUG:colcon.colcon_parallel_executor.executor.parallel:closing loop
[2.147s] DEBUG:colcon.colcon_parallel_executor.executor.parallel:loop closed
[2.147s] DEBUG:colcon.colcon_parallel_executor.executor.parallel:run_until_complete finished with '0'
[2.147s] DEBUG:colcon.colcon_core.event_reactor:joining thread
[2.151s] INFO:colcon.colcon_core.plugin_system:Skipping extension 'colcon_notification.desktop_notification.terminal_notifier': Not used on non-Darwin systems
[2.151s] INFO:colcon.colcon_core.plugin_system:Skipping extension 'colcon_notification.desktop_notification.win32': Not used on non-Windows systems
[2.151s] INFO:colcon.colcon_notification.desktop_notification:Sending desktop notification using 'notify2'
[2.160s] DEBUG:colcon.colcon_core.event_reactor:joined thread
[2.161s] INFO:colcon.colcon_core.shell:Creating prefix script '/home/omi/interface_ws/install/local_setup.ps1'
[2.161s] INFO:colcon.colcon_core.shell:Creating prefix util module '/home/omi/interface_ws/install/_local_setup_util_ps1.py'
[2.162s] INFO:colcon.colcon_core.shell:Creating prefix chain script '/home/omi/interface_ws/install/setup.ps1'
[2.163s] INFO:colcon.colcon_core.shell:Creating prefix script '/home/omi/interface_ws/install/local_setup.sh'
[2.163s] INFO:colcon.colcon_core.shell:Creating prefix util module '/home/omi/interface_ws/install/_local_setup_util_sh.py'
[2.164s] INFO:colcon.colcon_core.shell:Creating prefix chain script '/home/omi/interface_ws/install/setup.sh'
[2.165s] INFO:colcon.colcon_core.shell:Creating prefix script '/home/omi/interface_ws/install/local_setup.bash'
[2.165s] INFO:colcon.colcon_core.shell:Creating prefix chain script '/home/omi/interface_ws/install/setup.bash'
[2.166s] INFO:colcon.colcon_core.shell:Creating prefix script '/home/omi/interface_ws/install/local_setup.zsh'
[2.166s] INFO:colcon.colcon_core.shell:Creating prefix chain script '/home/omi/interface_ws/install/setup.zsh'
